Resolving class com.espertech.esper.client.Configuration id -220881974438617882 classloader class sun.misc.Launcher$AppClassLoader
Resolving class java.util.HashMap id 362498820763181265 classloader class sun.misc.Launcher$AppClassLoader
Resolving class com.espertech.esper.client.ConfigurationEngineDefaults id -528835191586154300 classloader class sun.misc.Launcher$AppClassLoader
Resolving class com.espertech.esper.client.ConfigurationEngineDefaults$AlternativeContext id 4488861684585251042 classloader class sun.misc.Launcher$AppClassLoader
Resolving class com.espertech.esper.client.ConfigurationEngineDefaults$Cluster id 6289817340046435823 classloader class sun.misc.Launcher$AppClassLoader
Resolving class com.espertech.esper.client.ConfigurationEngineDefaults$ConditionHandling id -708367341332718634 classloader class sun.misc.Launcher$AppClassLoader
Resolving class com.espertech.esper.client.ConfigurationEngineDefaults$EventMeta id -6091772368103140370 classloader class sun.misc.Launcher$AppClassLoader
Resolving class com.espertech.esper.client.Configuration$PropertyResolutionStyle id 0 classloader class sun.misc.Launcher$AppClassLoader
Resolving class java.lang.Enum id 0 classloader class sun.misc.Launcher$AppClassLoader
Resolving class com.espertech.esper.client.ConfigurationEventTypeLegacy$AccessorStyle id 0 classloader class sun.misc.Launcher$AppClassLoader
Resolving class com.espertech.esper.client.Configuration$EventRepresentation id 0 classloader class sun.misc.Launcher$AppClassLoader
Resolving class com.espertech.esper.client.ConfigurationEngineDefaults$ExceptionHandling id -708367341332718634 classloader class sun.misc.Launcher$AppClassLoader
Resolving class com.espertech.esper.client.ConfigurationEngineDefaults$Execution id 0 classloader class sun.misc.Launcher$AppClassLoader
Resolving class com.espertech.esper.client.ConfigurationEngineDefaults$FilterServiceProfile id 0 classloader class sun.misc.Launcher$AppClassLoader
Resolving class com.espertech.esper.client.ConfigurationEngineDefaults$ThreadingProfile id 0 classloader class sun.misc.Launcher$AppClassLoader
Resolving class com.espertech.esper.client.ConfigurationEngineDefaults$Expression id 3192205923560011213 classloader class sun.misc.Launcher$AppClassLoader
Resolving class com.espertech.esper.client.ConfigurationEngineDefaults$Language id -6237674558477894392 classloader class sun.misc.Launcher$AppClassLoader
Resolving class com.espertech.esper.client.ConfigurationEngineDefaults$Logging id -8129836306582810327 classloader class sun.misc.Launcher$AppClassLoader
Resolving class com.espertech.esper.client.ConfigurationMetricsReporting id -7265780298667075895 classloader class sun.misc.Launcher$AppClassLoader
Resolving class java.util.LinkedHashMap id 3801124242820219131 classloader class sun.misc.Launcher$AppClassLoader
Resolving class com.espertech.esper.client.ConfigurationEngineDefaults$Patterns id -7596853289989573800 classloader class sun.misc.Launcher$AppClassLoader
Resolving class com.espertech.esper.client.ConfigurationEngineDefaults$Scripts id -3111856398932434323 classloader class sun.misc.Launcher$AppClassLoader
Resolving class com.espertech.esper.client.ConfigurationEngineDefaults$StreamSelection id -7943748323859161674 classloader class sun.misc.Launcher$AppClassLoader
Resolving class com.espertech.esper.client.soda.StreamSelector id 0 classloader class sun.misc.Launcher$AppClassLoader
Resolving class com.espertech.esper.client.ConfigurationEngineDefaults$Threading id 6504606101119059962 classloader class sun.misc.Launcher$AppClassLoader
Resolving class com.espertech.esper.client.ConfigurationEngineDefaults$Threading$Locking id 0 classloader class sun.misc.Launcher$AppClassLoader
Resolving class com.espertech.esper.client.ConfigurationEngineDefaults$TimeSource id 2075039404763313824 classloader class sun.misc.Launcher$AppClassLoader
Resolving class com.espertech.esper.client.ConfigurationEngineDefaults$TimeSourceType id 0 classloader class sun.misc.Launcher$AppClassLoader
Resolving class com.espertech.esper.client.ConfigurationEngineDefaults$Variables id 8276015152830052323 classloader class sun.misc.Launcher$AppClassLoader
Resolving class com.espertech.esper.client.ConfigurationEngineDefaults$ViewResources id 2527853225433208362 classloader class sun.misc.Launcher$AppClassLoader
Resolving class java.util.LinkedHashSet id -2851667679971038690 classloader class sun.misc.Launcher$AppClassLoader
Resolving class java.util.HashSet id -5024744406713321676 classloader class sun.misc.Launcher$AppClassLoader
Resolving class java.util.ArrayList id 8683452581122892189 classloader class sun.misc.Launcher$AppClassLoader
Initializing engine URI 'default' version 5.1.0
Metrics reporting has been disabled, this setting takes affect for all engine instances at engine initialization time.
.addBeanType Adding DistanceRule for type com.lcsc.hackathon.events.DistanceRule
.addBeanType Adding AngleRule for type com.lcsc.hackathon.events.AngleRule
Adding import java.lang.*
Adding import java.math.*
Adding import java.text.*
Adding import java.util.*
Adding import com.espertech.esper.client.annotation.*
Adding import com.espertech.esper.dataflow.ops.*
.startInternalClock Starting internal clock daemon thread, resolution=100
Initializing engine URI 'default' version 5.1.0
Metrics reporting has been disabled, this setting takes affect for all engine instances at engine initialization time.
.stopInternalClock Stopping internal clock daemon thread
Clearing scheduling service
Destroying filter service
Destroying scheduling service
Destroying scheduling management service
.addBeanType Adding DistanceRule for type com.lcsc.hackathon.events.DistanceRule
.addBeanType Adding AngleRule for type com.lcsc.hackathon.events.AngleRule
Adding import java.lang.*
Adding import java.math.*
Adding import java.text.*
Adding import java.util.*
Adding import com.espertech.esper.client.annotation.*
Adding import com.espertech.esper.dataflow.ops.*
.startInternalClock Starting internal clock daemon thread, resolution=100
Pattern:
select 'move-right' as triggerId from pattern[DistanceRule(joint1=3, joint2=7, distance > 0.500000, distance < 0.500000)]
.createEPLStmt statementName=null eplStatement=select 'move-right' as triggerId from pattern[DistanceRule(joint1=3, joint2=7, distance > 0.500000, distance < 0.500000)]
.parse Parsing expr=select 'move-right' as triggerId from pattern[DistanceRule(joint1=3, joint2=7, distance > 0.500000, distance < 0.500000)]
reportAttemptingFullContext
reportAmbiguity
reportAttemptingFullContext
reportAmbiguity
reportAttemptingFullContext
reportAmbiguity
reportAttemptingFullContext
reportAmbiguity
.parse Dumping AST...
.walk Walking AST using walker com.espertech.esper.epl.parse.EPLTreeWalkerListener
.ctor
.makeFilterSpec spec=FilterSpecCompiled type=BeanEventType name=DistanceRule clazz=com.lcsc.hackathon.events.DistanceRule parameters=[FilterSpecParam lookupable=com.espertech.esper.filter.FilterSpecLookupable@bb2f48e7 filterOp=EQUAL filterConstant=3, FilterSpecParam lookupable=com.espertech.esper.filter.FilterSpecLookupable@bb2f48e8 filterOp=EQUAL filterConstant=7, FilterSpecParam lookupable=com.espertech.esper.filter.FilterSpecLookupable@11318bf5 filterOp=LESS filterConstant=0.5, FilterSpecParam lookupable=com.espertech.esper.filter.FilterSpecLookupable@11318bf5 filterOp=GREATER filterConstant=0.5]
.start Starting statement b6e67bb1-1f65-4da2-aa3b-386cb61e7c84 from desc=com.espertech.esper.core.service.StatementLifecycleSvcImpl$EPStatementDesc@5386659f
.startInternal Starting statement b6e67bb1-1f65-4da2-aa3b-386cb61e7c84 from desc=com.espertech.esper.core.service.StatementLifecycleSvcImpl$EPStatementDesc@5386659f
.addMergeViews Incoming specifications=[]
.addMergeViews Outgoing specifications=[]
.getProcessor Using no OrderByProcessor
.getProcessor Using no result processor
.createView No new views created, dumping stream ... com.espertech.esper.view.ZeroDepthStreamNoIterate@7975d1d8
.createEPLStmt Statement created and started
.updatedListeners No action for base implementation
