#
# A fatal error has been detected by the Java Runtime Environment:
#
#  EXCEPTION_UNCAUGHT_CXX_EXCEPTION (0xe06d7363) at pc=0x00007ffbc9ac1f08, pid=5228, tid=8564
#
# JRE version: Java(TM) SE Runtime Environment (8.0_60-b27) (build 1.8.0_60-b27)
# Java VM: Java HotSpot(TM) 64-Bit Server VM (25.60-b23 mixed mode windows-amd64 compressed oops)
# Problematic frame:
# C  [KERNELBASE.dll+0x71f08]
#
# Failed to write core dump. Minidumps are not enabled by default on client versions of Windows
#
# If you would like to submit a bug report, please visit:
#   http://bugreport.java.com/bugreport/crash.jsp
# The crash happened outside the Java Virtual Machine in native code.
# See problematic frame for where to report the bug.
#

---------------  T H R E A D  ---------------

Current thread (0x0000000045d1e800):  JavaThread "AWT-EventQueue-0" [_thread_in_native, id=8564, stack(0x000000004b8d0000,0x000000004b9d0000)]

siginfo: ExceptionCode=0xe06d7363, ExceptionInformation=0x0000000019930520 0x000000004b9cc4c0 0x0000000060705a00 0x0000000060660000 

Registers:
RAX=0x00007ffba8022a9e, RBX=0x000000004b9cc4c0, RCX=0x000000000000000b, RDX=0x000000003e1b3560
RSP=0x000000004b9cc350, RBP=0x000000004b9cc490, RSI=0x0000000020dfc980, RDI=0x0000000060705a00
R8 =0x000000004b9cbf18, R9 =0x0000000042f24459, R10=0x0000000000000000, R11=0x000000001a57da50
R12=0x0000000020dfc980, R13=0x0000000081adbfe8, R14=0x0000000020dfc9e0, R15=0x0000000000000000
RIP=0x00007ffbc9ac1f08, EFLAGS=0x0000000000000206

Top of Stack: (sp=0x000000004b9cc350)
0x000000004b9cc350:   0000000000000002 000000004b9cc4c0
0x000000004b9cc360:   0000000020dfc980 0000000060705a00
0x000000004b9cc370:   00000001e06d7363 0000000000000000
0x000000004b9cc380:   00007ffbc9ac1f08 0000000000000004
0x000000004b9cc390:   0000000019930520 000000004b9cc4c0
0x000000004b9cc3a0:   0000000060705a00 0000000060660000
0x000000004b9cc3b0:   0000000020dfc980 0000000060705a00
0x000000004b9cc3c0:   0000000020dfc980 000000004b9cc4a0
0x000000004b9cc3d0:   000000004b9cc490 00007ffbcca774df
0x000000004b9cc3e0:   0000000081adbfe8 00007ffb00000000
0x000000004b9cc3f0:   0000000060712620 0000000060712620
0x000000004b9cc400:   000000006071a000 0000000060660000
0x000000004b9cc410:   00001f4ddcf2c2cf 0000000010010011
0x000000004b9cc420:   000000004b9cc4c0 00000000606c14f1
0x000000004b9cc430:   000000004b9cc4c0 00000000606bf07e
0x000000004b9cc440:   0000000020dfc980 000000005fcbf660 

Instructions: (pc=0x00007ffbc9ac1f08)
0x00007ffbc9ac1ee8:   49 8b d1 44 0f 47 c0 44 89 44 24 38 49 c1 e0 03
0x00007ffbc9ac1ef8:   e8 27 b2 00 00 48 8d 4c 24 20 ff 15 e8 a7 05 00
0x00007ffbc9ac1f08:   48 8b 8c 24 c0 00 00 00 48 33 cc e8 98 7a 00 00
0x00007ffbc9ac1f18:   48 81 c4 d8 00 00 00 c3 83 64 24 38 00 eb d6 cc 


Register to memory mapping:

RAX=0x00007ffba8022a9e is an unknown value
RBX=0x000000004b9cc4c0 is pointing into the stack for thread: 0x0000000045d1e800
RCX=0x000000000000000b is an unknown value
RDX=0x000000003e1b3560 is an unknown value
RSP=0x000000004b9cc350 is pointing into the stack for thread: 0x0000000045d1e800
RBP=0x000000004b9cc490 is pointing into the stack for thread: 0x0000000045d1e800
RSI=0x0000000020dfc980 is an unknown value
RDI=0x0000000060705a00 is an unknown value
R8 =0x000000004b9cbf18 is pointing into the stack for thread: 0x0000000045d1e800
R9 =0x0000000042f24459 is an unknown value
R10=0x0000000000000000 is an unknown value
R11=0x000000001a57da50 is an unknown value
R12=0x0000000020dfc980 is an unknown value
R13=0x0000000081adbfe8 is an oop
sun.java2d.d3d.D3DRenderQueue 
 - klass: 'sun/java2d/d3d/D3DRenderQueue'
R14=0x0000000020dfc9e0 is an unknown value
R15=0x0000000000000000 is an unknown value


Stack: [0x000000004b8d0000,0x000000004b9d0000],  sp=0x000000004b9cc350,  free space=1008k
Native frames: (J=compiled Java code, j=interpreted, Vv=VM code, C=native code)
C  [KERNELBASE.dll+0x71f08]
C  [msvcr100.dll+0x614f1]
C  [msvcr100.dll+0x68e5e]
C  [NiTE2.dll+0x94a0]

Java frames: (J=compiled Java code, j=interpreted, Vv=VM code)
J 1766  com.primesense.nite.NativeMethods.niteReadUserTrackerFrame(JLcom/primesense/nite/OutArg;)I (0 bytes) @ 0x0000000002899215 [0x00000000028991c0+0x55]
J 2822 C2 com.primesense.nite.UserTracker.readFrame()Lcom/primesense/nite/UserTrackerFrameRef; (27 bytes) @ 0x00000000026b5688 [0x00000000026b5600+0x88]
J 1505 C2 com.wafflesoft.kinectcontroller.kinect.KinectDebugWindow.paint(Ljava/awt/Graphics;)V (618 bytes) @ 0x0000000002808930 [0x00000000028088e0+0x50]
J 2628 C2 javax.swing.JComponent.paintChildren(Ljava/awt/Graphics;)V (669 bytes) @ 0x0000000002718dd8 [0x0000000002717d80+0x1058]
J 2532 C2 javax.swing.JComponent.paint(Ljava/awt/Graphics;)V (409 bytes) @ 0x0000000002b1eb14 [0x0000000002b1de40+0xcd4]
J 2628 C2 javax.swing.JComponent.paintChildren(Ljava/awt/Graphics;)V (669 bytes) @ 0x0000000002718328 [0x0000000002717d80+0x5a8]
J 2532 C2 javax.swing.JComponent.paint(Ljava/awt/Graphics;)V (409 bytes) @ 0x0000000002b1eb14 [0x0000000002b1de40+0xcd4]
J 2917 C2 javax.swing.JLayeredPane.paint(Ljava/awt/Graphics;)V (77 bytes) @ 0x00000000029d5c64 [0x00000000029d5c20+0x44]
J 2628 C2 javax.swing.JComponent.paintChildren(Ljava/awt/Graphics;)V (669 bytes) @ 0x0000000002718328 [0x0000000002717d80+0x5a8]
J 2879 C2 javax.swing.JComponent.paintToOffscreen(Ljava/awt/Graphics;IIIIII)V (108 bytes) @ 0x00000000028f5ba4 [0x00000000028f5640+0x564]
J 2889 C2 javax.swing.RepaintManager$PaintManager.paintDoubleBuffered(Ljavax/swing/JComponent;Ljava/awt/Image;Ljava/awt/Graphics;IIII)V (294 bytes) @ 0x0000000002be46c0 [0x0000000002be4280+0x440]
J 2532 C2 javax.swing.JComponent.paint(Ljava/awt/Graphics;)V (409 bytes) @ 0x0000000002b1e8c0 [0x0000000002b1de40+0xa80]
J 2875 C2 javax.swing.RepaintManager$4.run()Ljava/lang/Object; (5 bytes) @ 0x0000000002be9eb0 [0x0000000002be8e80+0x1030]
v  ~StubRoutines::call_stub
J 1653  java.security.AccessController.doPrivileged(Ljava/security/PrivilegedAction;Ljava/security/AccessControlContext;)Ljava/lang/Object; (0 bytes) @ 0x0000000002866de6 [0x0000000002866d80+0x66]
J 2869 C2 java.awt.event.InvocationEvent.dispatch()V (69 bytes) @ 0x0000000002bdb9b8 [0x0000000002bdb3e0+0x5d8]
J 2877 C2 java.awt.EventQueue$3.run()Ljava/lang/Object; (5 bytes) @ 0x00000000025eee3c [0x00000000025eed60+0xdc]
v  ~StubRoutines::call_stub
J 1653  java.security.AccessController.doPrivileged(Ljava/security/PrivilegedAction;Ljava/security/AccessControlContext;)Ljava/lang/Object; (0 bytes) @ 0x0000000002866de6 [0x0000000002866d80+0x66]
J 2862 C2 java.awt.EventQueue.dispatchEvent(Ljava/awt/AWTEvent;)V (80 bytes) @ 0x00000000026e7a70 [0x00000000026e7680+0x3f0]
J 2966 C2 java.awt.EventDispatchThread.pumpOneEventForFilters(I)V (295 bytes) @ 0x0000000002c304dc [0x0000000002c2ff80+0x55c]
j  java.awt.EventDispatchThread.pumpEventsForFilter(ILjava/awt/Conditional;Ljava/awt/EventFilter;)V+35
j  java.awt.EventDispatchThread.pumpEventsForHierarchy(ILjava/awt/Conditional;Ljava/awt/Component;)V+11
j  java.awt.EventDispatchThread.pumpEvents(ILjava/awt/Conditional;)V+4
j  java.awt.EventDispatchThread.pumpEvents(Ljava/awt/Conditional;)V+3
j  java.awt.EventDispatchThread.run()V+9
v  ~StubRoutines::call_stub

---------------  P R O C E S S  ---------------

Java Threads: ( => current thread )
  0x000000005f68e000 JavaThread "Thread-7448" [_thread_in_native, id=7364, stack(0x000000003c400000,0x000000003c500000)]
  0x0000000020b2b000 JavaThread "D3D Screen Updater" daemon [_thread_blocked, id=3096, stack(0x000000004c6d0000,0x000000004c7d0000)]
=>0x0000000045d1e800 JavaThread "AWT-EventQueue-0" [_thread_in_native, id=8564, stack(0x000000004b8d0000,0x000000004b9d0000)]
  0x0000000049d8c800 JavaThread "AWT-Shutdown" [_thread_blocked, id=5492, stack(0x000000004b7d0000,0x000000004b8d0000)]
  0x000000001a766000 JavaThread "Thread-0" [_thread_blocked, id=4644, stack(0x0000000020010000,0x0000000020110000)]
  0x000000001a743800 JavaThread "AWT-Windows" daemon [_thread_in_native, id=8020, stack(0x000000001b3d0000,0x000000001b4d0000)]
  0x000000001a6b8800 JavaThread "Java2D Disposer" daemon [_thread_blocked, id=8624, stack(0x000000001b1d0000,0x000000001b2d0000)]
  0x000000001a686800 JavaThread "com.espertech.esper.Timer-default-1" daemon [_thread_blocked, id=5796, stack(0x000000001aed0000,0x000000001afd0000)]
  0x0000000019472000 JavaThread "Service Thread" daemon [_thread_blocked, id=8320, stack(0x0000000019db0000,0x0000000019eb0000)]
  0x00000000193ec000 JavaThread "C1 CompilerThread3" daemon [_thread_blocked, id=4184, stack(0x0000000019cb0000,0x0000000019db0000)]
  0x00000000193e1800 JavaThread "C2 CompilerThread2" daemon [_thread_blocked, id=7268, stack(0x0000000019bb0000,0x0000000019cb0000)]
  0x00000000193e1000 JavaThread "C2 CompilerThread1" daemon [_thread_blocked, id=4312, stack(0x0000000019ab0000,0x0000000019bb0000)]
  0x00000000193da800 JavaThread "C2 CompilerThread0" daemon [_thread_blocked, id=4996, stack(0x00000000199b0000,0x0000000019ab0000)]
  0x00000000193d8000 JavaThread "Attach Listener" daemon [_thread_blocked, id=5184, stack(0x00000000198b0000,0x00000000199b0000)]
  0x00000000193d7000 JavaThread "Signal Dispatcher" daemon [_thread_blocked, id=3628, stack(0x00000000197b0000,0x00000000198b0000)]
  0x000000000234a000 JavaThread "Finalizer" daemon [_thread_blocked, id=6136, stack(0x00000000191d0000,0x00000000192d0000)]
  0x00000000172ed000 JavaThread "Reference Handler" daemon [_thread_blocked, id=5368, stack(0x00000000190d0000,0x00000000191d0000)]
  0x0000000002251000 JavaThread "main" [_thread_blocked, id=4856, stack(0x0000000002150000,0x0000000002250000)]

Other Threads:
  0x00000000172e8800 VMThread [stack: 0x0000000018fd0000,0x00000000190d0000] [id=2380]
  0x00000000194a5800 WatcherThread [stack: 0x0000000019eb0000,0x0000000019fb0000] [id=3948]

VM state:not at safepoint (normal execution)

VM Mutex/Monitor currently owned by a thread: None

Heap:
 PSYoungGen      total 28672K, used 22822K [0x00000000d5d80000, 0x00000000d7e00000, 0x0000000100000000)
  eden space 24064K, 93% used [0x00000000d5d80000,0x00000000d7381988,0x00000000d7500000)
  from space 4608K, 6% used [0x00000000d7980000,0x00000000d79c8000,0x00000000d7e00000)
  to   space 4608K, 0% used [0x00000000d7500000,0x00000000d7500000,0x00000000d7980000)
 ParOldGen       total 44032K, used 12407K [0x0000000081800000, 0x0000000084300000, 0x00000000d5d80000)
  object space 44032K, 28% used [0x0000000081800000,0x000000008241de10,0x0000000084300000)
 Metaspace       used 22557K, capacity 22876K, committed 23296K, reserved 1069056K
  class space    used 2942K, capacity 3044K, committed 3072K, reserved 1048576K

Card table byte_map: [0x0000000011710000,0x0000000011b10000] byte_map_base: 0x0000000011304000

Marking Bits: (ParMarkBitMap*) 0x00000000605da5b0
 Begin Bits: [0x00000000125c0000, 0x0000000014560000)
 End Bits:   [0x0000000014560000, 0x0000000016500000)

Polling page: 0x0000000000990000

CodeCache: size=245760Kb used=9236Kb max_used=9268Kb free=236523Kb
 bounds [0x0000000002350000, 0x0000000002c80000, 0x0000000011350000]
 total_blobs=3186 nmethods=2603 adapters=496
 compilation: enabled

Compilation events (10 events):
Event: 791.886 Thread 0x00000000193e1000 3016       4       com.primesense.nite.UserTracker::onFrameReady (74 bytes)
Event: 791.896 Thread 0x00000000193e1000 nmethod 3016 0x00000000028547d0 code [0x0000000002854940, 0x0000000002854e68]
Event: 800.221 Thread 0x00000000193da800 3017       4       java.util.TreeMap$PrivateEntryIterator::nextEntry (54 bytes)
Event: 800.226 Thread 0x00000000193da800 nmethod 3017 0x0000000002451350 code [0x00000000024514a0, 0x00000000024515d8]
Event: 822.582 Thread 0x00000000193e1800 3018   !   4       com.espertech.esper.filter.FilterHandleSetNode::matchEvent (133 bytes)
Event: 822.622 Thread 0x00000000193e1800 nmethod 3018 0x0000000002a11590 code [0x0000000002a117c0, 0x0000000002a123a8]
Event: 887.563 Thread 0x00000000193da800 3019       4       java.util.concurrent.locks.AbstractQueuedSynchronizer::unparkSuccessor (84 bytes)
Event: 887.565 Thread 0x00000000193da800 nmethod 3019 0x000000000248d2d0 code [0x000000000248d420, 0x000000000248d588]
Event: 897.333 Thread 0x00000000193ec000 3020       1       java.util.Collections$1::hasNext (5 bytes)
Event: 897.333 Thread 0x00000000193ec000 nmethod 3020 0x000000000249d510 code [0x000000000249d660, 0x000000000249d770]

GC Heap History (10 events):
Event: 890.564 GC heap before
{Heap before GC invocations=35 (full 1):
 PSYoungGen      total 30208K, used 24320K [0x00000000d5d80000, 0x00000000d8100000, 0x0000000100000000)
  eden space 24064K, 100% used [0x00000000d5d80000,0x00000000d7500000,0x00000000d7500000)
  from space 6144K, 4% used [0x00000000d7500000,0x00000000d7540000,0x00000000d7b00000)
  to   space 6144K, 0% used [0x00000000d7b00000,0x00000000d7b00000,0x00000000d8100000)
 ParOldGen       total 44032K, used 12375K [0x0000000081800000, 0x0000000084300000, 0x00000000d5d80000)
  object space 44032K, 28% used [0x0000000081800000,0x0000000082415e10,0x0000000084300000)
 Metaspace       used 22557K, capacity 22876K, committed 23296K, reserved 1069056K
  class space    used 2942K, capacity 3044K, committed 3072K, reserved 1048576K
Event: 890.566 GC heap after
Heap after GC invocations=35 (full 1):
 PSYoungGen      total 29184K, used 256K [0x00000000d5d80000, 0x00000000d8000000, 0x0000000100000000)
  eden space 24064K, 0% used [0x00000000d5d80000,0x00000000d5d80000,0x00000000d7500000)
  from space 5120K, 5% used [0x00000000d7b00000,0x00000000d7b40000,0x00000000d8000000)
  to   space 5632K, 0% used [0x00000000d7500000,0x00000000d7500000,0x00000000d7a80000)
 ParOldGen       total 44032K, used 12375K [0x0000000081800000, 0x0000000084300000, 0x00000000d5d80000)
  object space 44032K, 28% used [0x0000000081800000,0x0000000082415e10,0x0000000084300000)
 Metaspace       used 22557K, capacity 22876K, committed 23296K, reserved 1069056K
  class space    used 2942K, capacity 3044K, committed 3072K, reserved 1048576K
}
Event: 912.525 GC heap before
{Heap before GC invocations=36 (full 1):
 PSYoungGen      total 29184K, used 24320K [0x00000000d5d80000, 0x00000000d8000000, 0x0000000100000000)
  eden space 24064K, 100% used [0x00000000d5d80000,0x00000000d7500000,0x00000000d7500000)
  from space 5120K, 5% used [0x00000000d7b00000,0x00000000d7b40000,0x00000000d8000000)
  to   space 5632K, 0% used [0x00000000d7500000,0x00000000d7500000,0x00000000d7a80000)
 ParOldGen       total 44032K, used 12375K [0x0000000081800000, 0x0000000084300000, 0x00000000d5d80000)
  object space 44032K, 28% used [0x0000000081800000,0x0000000082415e10,0x0000000084300000)
 Metaspace       used 22557K, capacity 22876K, committed 23296K, reserved 1069056K
  class space    used 2942K, capacity 3044K, committed 3072K, reserved 1048576K
Event: 912.526 GC heap after
Heap after GC invocations=36 (full 1):
 PSYoungGen      total 24576K, used 224K [0x00000000d5d80000, 0x00000000d7f00000, 0x0000000100000000)
  eden space 24064K, 0% used [0x00000000d5d80000,0x00000000d5d80000,0x00000000d7500000)
  from space 512K, 43% used [0x00000000d7500000,0x00000000d7538000,0x00000000d7580000)
  to   space 5120K, 0% used [0x00000000d7a00000,0x00000000d7a00000,0x00000000d7f00000)
 ParOldGen       total 44032K, used 12383K [0x0000000081800000, 0x0000000084300000, 0x00000000d5d80000)
  object space 44032K, 28% used [0x0000000081800000,0x0000000082417e10,0x0000000084300000)
 Metaspace       used 22557K, capacity 22876K, committed 23296K, reserved 1069056K
  class space    used 2942K, capacity 3044K, committed 3072K, reserved 1048576K
}
Event: 933.141 GC heap before
{Heap before GC invocations=37 (full 1):
 PSYoungGen      total 24576K, used 24288K [0x00000000d5d80000, 0x00000000d7f00000, 0x0000000100000000)
  eden space 24064K, 100% used [0x00000000d5d80000,0x00000000d7500000,0x00000000d7500000)
  from space 512K, 43% used [0x00000000d7500000,0x00000000d7538000,0x00000000d7580000)
  to   space 5120K, 0% used [0x00000000d7a00000,0x00000000d7a00000,0x00000000d7f00000)
 ParOldGen       total 44032K, used 12383K [0x0000000081800000, 0x0000000084300000, 0x00000000d5d80000)
  object space 44032K, 28% used [0x0000000081800000,0x0000000082417e10,0x0000000084300000)
 Metaspace       used 22557K, capacity 22876K, committed 23296K, reserved 1069056K
  class space    used 2942K, capacity 3044K, committed 3072K, reserved 1048576K
Event: 933.142 GC heap after
Heap after GC invocations=37 (full 1):
 PSYoungGen      total 29184K, used 352K [0x00000000d5d80000, 0x00000000d7f00000, 0x0000000100000000)
  eden space 24064K, 0% used [0x00000000d5d80000,0x00000000d5d80000,0x00000000d7500000)
  from space 5120K, 6% used [0x00000000d7a00000,0x00000000d7a58000,0x00000000d7f00000)
  to   space 5120K, 0% used [0x00000000d7500000,0x00000000d7500000,0x00000000d7a00000)
 ParOldGen       total 44032K, used 12399K [0x0000000081800000, 0x0000000084300000, 0x00000000d5d80000)
  object space 44032K, 28% used [0x0000000081800000,0x000000008241be10,0x0000000084300000)
 Metaspace       used 22557K, capacity 22876K, committed 23296K, reserved 1069056K
  class space    used 2942K, capacity 3044K, committed 3072K, reserved 1048576K
}
Event: 954.509 GC heap before
{Heap before GC invocations=38 (full 1):
 PSYoungGen      total 29184K, used 24416K [0x00000000d5d80000, 0x00000000d7f00000, 0x0000000100000000)
  eden space 24064K, 100% used [0x00000000d5d80000,0x00000000d7500000,0x00000000d7500000)
  from space 5120K, 6% used [0x00000000d7a00000,0x00000000d7a58000,0x00000000d7f00000)
  to   space 5120K, 0% used [0x00000000d7500000,0x00000000d7500000,0x00000000d7a00000)
 ParOldGen       total 44032K, used 12399K [0x0000000081800000, 0x0000000084300000, 0x00000000d5d80000)
  object space 44032K, 28% used [0x0000000081800000,0x000000008241be10,0x0000000084300000)
 Metaspace       used 22557K, capacity 22876K, committed 23296K, reserved 1069056K
  class space    used 2942K, capacity 3044K, committed 3072K, reserved 1048576K
Event: 954.512 GC heap after
Heap after GC invocations=38 (full 1):
 PSYoungGen      total 24576K, used 256K [0x00000000d5d80000, 0x00000000d7e00000, 0x0000000100000000)
  eden space 24064K, 0% used [0x00000000d5d80000,0x00000000d5d80000,0x00000000d7500000)
  from space 512K, 50% used [0x00000000d7500000,0x00000000d7540000,0x00000000d7580000)
  to   space 4608K, 0% used [0x00000000d7980000,0x00000000d7980000,0x00000000d7e00000)
 ParOldGen       total 44032K, used 12407K [0x0000000081800000, 0x0000000084300000, 0x00000000d5d80000)
  object space 44032K, 28% used [0x0000000081800000,0x000000008241de10,0x0000000084300000)
 Metaspace       used 22557K, capacity 22876K, committed 23296K, reserved 1069056K
  class space    used 2942K, capacity 3044K, committed 3072K, reserved 1048576K
}
Event: 975.217 GC heap before
{Heap before GC invocations=39 (full 1):
 PSYoungGen      total 24576K, used 24320K [0x00000000d5d80000, 0x00000000d7e00000, 0x0000000100000000)
  eden space 24064K, 100% used [0x00000000d5d80000,0x00000000d7500000,0x00000000d7500000)
  from space 512K, 50% used [0x00000000d7500000,0x00000000d7540000,0x00000000d7580000)
  to   space 4608K, 0% used [0x00000000d7980000,0x00000000d7980000,0x00000000d7e00000)
 ParOldGen       total 44032K, used 12407K [0x0000000081800000, 0x0000000084300000, 0x00000000d5d80000)
  object space 44032K, 28% used [0x0000000081800000,0x000000008241de10,0x0000000084300000)
 Metaspace       used 22557K, capacity 22876K, committed 23296K, reserved 1069056K
  class space    used 2942K, capacity 3044K, committed 3072K, reserved 1048576K
Event: 975.218 GC heap after
Heap after GC invocations=39 (full 1):
 PSYoungGen      total 28672K, used 288K [0x00000000d5d80000, 0x00000000d7e00000, 0x0000000100000000)
  eden space 24064K, 0% used [0x00000000d5d80000,0x00000000d5d80000,0x00000000d7500000)
  from space 4608K, 6% used [0x00000000d7980000,0x00000000d79c8000,0x00000000d7e00000)
  to   space 4608K, 0% used [0x00000000d7500000,0x00000000d7500000,0x00000000d7980000)
 ParOldGen       total 44032K, used 12407K [0x0000000081800000, 0x0000000084300000, 0x00000000d5d80000)
  object space 44032K, 28% used [0x0000000081800000,0x000000008241de10,0x0000000084300000)
 Metaspace       used 22557K, capacity 22876K, committed 23296K, reserved 1069056K
  class space    used 2942K, capacity 3044K, committed 3072K, reserved 1048576K
}

Deoptimization events (10 events):
Event: 153.123 Thread 0x000000005f692800 Uncommon trap: reason=unstable_if action=reinterpret pc=0x000000000280bd2c method=java.lang.Double.compare(DD)I @ 33
Event: 153.123 Thread 0x000000005f692800 Uncommon trap: reason=unstable_if action=reinterpret pc=0x00000000026f2c90 method=java.lang.Double.compare(DD)I @ 33
Event: 294.387 Thread 0x0000000045d1e800 Uncommon trap: reason=unstable_if action=reinterpret pc=0x00000000029aae9c method=java.awt.EventQueue.getNextEventPrivate()Ljava/awt/AWTEvent; @ 3
Event: 294.389 Thread 0x0000000002251000 Uncommon trap: reason=unstable_if action=reinterpret pc=0x0000000002b9eb78 method=java.awt.EventQueue.noEvents()Z @ 16
Event: 294.420 Thread 0x0000000002251000 Uncommon trap: reason=unstable_if action=reinterpret pc=0x0000000002b919b0 method=java.awt.EventQueue.noEvents()Z @ 16
Event: 316.568 Thread 0x0000000020b2b000 Uncommon trap: reason=unstable_if action=reinterpret pc=0x00000000029484b4 method=java.util.concurrent.locks.ReentrantLock$Sync.nonfairTryAcquire(I)Z @ 19
Event: 325.050 Thread 0x0000000045d1e800 Uncommon trap: reason=unstable_if action=reinterpret pc=0x0000000002713168 method=java.util.concurrent.locks.AbstractQueuedSynchronizer.unparkSuccessor(Ljava/util/concurrent/locks/AbstractQueuedSynchronizer$Node;)V @ 22
Event: 354.686 Thread 0x0000000045d1e800 Uncommon trap: reason=unstable_if action=reinterpret pc=0x00000000026ea480 method=java.util.concurrent.locks.AbstractQueuedSynchronizer.unparkSuccessor(Ljava/util/concurrent/locks/AbstractQueuedSynchronizer$Node;)V @ 22
Event: 582.921 Thread 0x000000005f694000 Uncommon trap: reason=unstable_if action=reinterpret pc=0x00000000029e45f4 method=java.util.concurrent.locks.ReentrantReadWriteLock$Sync.tryAcquireShared(I)I @ 13
Event: 582.921 Thread 0x000000005f694000 Uncommon trap: reason=unstable_if action=reinterpret pc=0x0000000002815d64 method=java.util.concurrent.locks.AbstractQueuedSynchronizer.apparentlyFirstQueuedIsExclusive()Z @ 15

Internal exceptions (10 events):
Event: 0.442 Thread 0x0000000002251000 Exception <a 'java/lang/ClassNotFoundException': com/wafflesoft/kinectcontroller/posturerules/PositionXCustomizer> (0x00000000d6de02d0) thrown at [C:\re\workspace\8-2-build-windows-amd64-cygwin\jdk8u60\4407\hotspot\src\share\vm\classfile\systemDictionary.c¥š·~ËnÜ?
Event: 0.444 Thread 0x0000000002251000 Exception <a 'java/lang/ClassNotFoundException': com/wafflesoft/kinectcontroller/posturerules/DistanceBeanInfo> (0x00000000d6e124f8) thrown at [C:\re\workspace\8-2-build-windows-amd64-cygwin\jdk8u60\4407\hotspot\src\share\vm\classfile\systemDictionary.cpp,€ƒ©ñ^pÜ?
Event: 0.444 Thread 0x0000000002251000 Exception <a 'java/lang/ClassNotFoundException': com/wafflesoft/kinectcontroller/posturerules/DistanceCustomizer> (0x00000000d6e14a00) thrown at [C:\re\workspace\8-2-build-windows-amd64-cygwin\jdk8u60\4407\hotspot\src\share\vm\classfile\systemDictionary.cpîú¯GˆÕï?
Event: 0.995 Thread 0x0000000002251000 Exception <a 'java/lang/NoSuchFieldError': method resolution failed> (0x00000000d7552560) thrown at [C:\re\workspace\8-2-build-windows-amd64-cygwin\jdk8u60\4407\hotspot\src\share\vm\prims\methodHandles.cpp, line 1146]
Event: 0.996 Thread 0x0000000002251000 Exception <a 'java/lang/NoSuchFieldError': method resolution failed> (0x00000000d755fc50) thrown at [C:\re\workspace\8-2-build-windows-amd64-cygwin\jdk8u60\4407\hotspot\src\share\vm\prims\methodHandles.cpp, line 1146]
Event: 1.014 Thread 0x0000000002251000 Exception <a 'java/io/FileNotFoundException'> (0x00000000d75da6f8) thrown at [C:\re\workspace\8-2-build-windows-amd64-cygwin\jdk8u60\4407\hotspot\src\share\vm\prims\jni.cpp, line 709]
Event: 1.027 Thread 0x0000000002251000 Exception <a 'java/io/FileNotFoundException'> (0x00000000d75eb2e8) thrown at [C:\re\workspace\8-2-build-windows-amd64-cygwin\jdk8u60\4407\hotspot\src\share\vm\prims\jni.cpp, line 709]
Event: 6.197 Thread 0x0000000045d1e800 Implicit null exception at 0x00000000027c14be to 0x00000000027c1881
Event: 325.050 Thread 0x0000000045d1e800 Implicit null exception at 0x00000000027121f4 to 0x0000000002713149
Event: 354.686 Thread 0x0000000045d1e800 Implicit null exception at 0x00000000026e9e5a to 0x00000000026ea469

Events (10 events):
Event: 994.169 Thread 0x000000005f692800 Thread exited: 0x000000005f692800
Event: 994.170 Thread 0x000000005f695000 Thread added: 0x000000005f695000
Event: 994.237 Thread 0x000000005f695000 Thread exited: 0x000000005f695000
Event: 994.238 Thread 0x000000005f691000 Thread added: 0x000000005f691000
Event: 994.305 Thread 0x000000005f691000 Thread exited: 0x000000005f691000
Event: 994.306 Thread 0x000000005f692800 Thread added: 0x000000005f692800
Event: 994.404 Thread 0x000000005f692800 Thread exited: 0x000000005f692800
Event: 994.405 Thread 0x000000005f68e000 Thread added: 0x000000005f68e000
Event: 994.504 Thread 0x000000005f68e000 Thread exited: 0x000000005f68e000
Event: 994.506 Thread 0x000000005f68e000 Thread added: 0x000000005f68e000


Dynamic libraries:
0x00007ff7c7610000 - 0x00007ff7c7647000 	C:\ProgramData\Oracle\Java\javapath\java.exe
0x00007ffbcca40000 - 0x00007ffbccc01000 	C:\WINDOWS\SYSTEM32\ntdll.dll
0x00007ffbcc3c0000 - 0x00007ffbcc46d000 	C:\WINDOWS\system32\KERNEL32.DLL
0x00007ffbc9a50000 - 0x00007ffbc9c38000 	C:\WINDOWS\system32\KERNELBASE.dll
0x00007ffbcc4d0000 - 0x00007ffbcc577000 	C:\WINDOWS\system32\ADVAPI32.dll
0x00007ffbc9eb0000 - 0x00007ffbc9f4d000 	C:\WINDOWS\system32\msvcrt.dll
0x00007ffbca100000 - 0x00007ffbca15b000 	C:\WINDOWS\system32\sechost.dll
0x00007ffbcba80000 - 0x00007ffbcbb9c000 	C:\WINDOWS\system32\RPCRT4.dll
0x00007ffbcc790000 - 0x00007ffbcc8e6000 	C:\WINDOWS\system32\USER32.dll
0x00007ffbcbd00000 - 0x00007ffbcbe86000 	C:\WINDOWS\system32\GDI32.dll
0x00007ffbc3cf0000 - 0x00007ffbc3f64000 	C:\WINDOWS\WinSxS\amd64_microsoft.windows.common-controls_6595b64144ccf1df_6.0.10586.0_none_8c15ae12515e1c22\COMCTL32.dll
0x00007ffbcb790000 - 0x00007ffbcba0d000 	C:\WINDOWS\system32\combase.dll
0x00007ffbc9cf0000 - 0x00007ffbc9d5a000 	C:\WINDOWS\system32\bcryptPrimitives.dll
0x00007ffbcc8f0000 - 0x00007ffbcc92b000 	C:\WINDOWS\system32\IMM32.DLL
0x0000000060660000 - 0x0000000060732000 	C:\Program Files\Java\jre1.8.0_60\bin\msvcr100.dll
0x000000005fdd0000 - 0x0000000060659000 	C:\Program Files\Java\jre1.8.0_60\bin\server\jvm.dll
0x00007ffbcbe90000 - 0x00007ffbcbe98000 	C:\WINDOWS\system32\PSAPI.DLL
0x00007ffbc5500000 - 0x00007ffbc550a000 	C:\WINDOWS\SYSTEM32\VERSION.dll
0x00007ffbc6a50000 - 0x00007ffbc6a59000 	C:\WINDOWS\SYSTEM32\WSOCK32.dll
0x00007ffbc72e0000 - 0x00007ffbc7303000 	C:\WINDOWS\SYSTEM32\WINMM.dll
0x00007ffbcba10000 - 0x00007ffbcba7b000 	C:\WINDOWS\system32\WS2_32.dll
0x00007ffbc7280000 - 0x00007ffbc72ac000 	C:\WINDOWS\SYSTEM32\WINMMBASE.dll
0x00007ffbc9d60000 - 0x00007ffbc9da3000 	C:\WINDOWS\system32\cfgmgr32.dll
0x000000005fdc0000 - 0x000000005fdcf000 	C:\Program Files\Java\jre1.8.0_60\bin\verify.dll
0x000000005fd90000 - 0x000000005fdb9000 	C:\Program Files\Java\jre1.8.0_60\bin\java.dll
0x000000005fd70000 - 0x000000005fd86000 	C:\Program Files\Java\jre1.8.0_60\bin\zip.dll
0x00007ffbca160000 - 0x00007ffbcb6bf000 	C:\WINDOWS\system32\SHELL32.dll
0x00007ffbc91b0000 - 0x00007ffbc97f4000 	C:\WINDOWS\system32\windows.storage.dll
0x00007ffbca0a0000 - 0x00007ffbca0f2000 	C:\WINDOWS\system32\shlwapi.dll
0x00007ffbc9060000 - 0x00007ffbc906f000 	C:\WINDOWS\system32\kernel.appcore.dll
0x00007ffbc90f0000 - 0x00007ffbc91a5000 	C:\WINDOWS\system32\shcore.dll
0x00007ffbc9070000 - 0x00007ffbc90bb000 	C:\WINDOWS\system32\powrprof.dll
0x00007ffbc90d0000 - 0x00007ffbc90e4000 	C:\WINDOWS\system32\profapi.dll
0x000000005fd50000 - 0x000000005fd6a000 	C:\Program Files\Java\jre1.8.0_60\bin\net.dll
0x00007ffbc8990000 - 0x00007ffbc89ec000 	C:\WINDOWS\system32\mswsock.dll
0x00007ffbc0b30000 - 0x00007ffbc0b46000 	C:\WINDOWS\system32\napinsp.dll
0x00007ffbbfad0000 - 0x00007ffbbfaea000 	C:\WINDOWS\system32\pnrpnsp.dll
0x00007ffbc7090000 - 0x00007ffbc70a8000 	C:\WINDOWS\system32\NLAapi.dll
0x00007ffbc7ab0000 - 0x00007ffbc7b5a000 	C:\WINDOWS\SYSTEM32\DNSAPI.dll
0x00007ffbcc3b0000 - 0x00007ffbcc3b8000 	C:\WINDOWS\system32\NSI.dll
0x00007ffbbf8a0000 - 0x00007ffbbf8ad000 	C:\WINDOWS\System32\winrnr.dll
0x00007ffbc1ac0000 - 0x00007ffbc1aca000 	C:\Windows\System32\rasadhlp.dll
0x00007ffbc5530000 - 0x00007ffbc5568000 	C:\WINDOWS\SYSTEM32\IPHLPAPI.DLL
0x00007ffbc3020000 - 0x00007ffbc3087000 	C:\WINDOWS\System32\fwpuclnt.dll
0x00007ffbc8c60000 - 0x00007ffbc8c89000 	C:\WINDOWS\SYSTEM32\bcrypt.dll
0x000000005fbb0000 - 0x000000005fd48000 	C:\Program Files\Java\jre1.8.0_60\bin\awt.dll
0x00007ffbcb6c0000 - 0x00007ffbcb781000 	C:\WINDOWS\system32\OLEAUT32.dll
0x00007ffbc7850000 - 0x00007ffbc78c9000 	C:\WINDOWS\system32\apphelp.dll
0x00007ffbc6e30000 - 0x00007ffbc6e52000 	C:\WINDOWS\system32\DWMAPI.DLL
0x00007ffbc79e0000 - 0x00007ffbc7a76000 	C:\WINDOWS\system32\uxtheme.dll
0x00007ffbcbba0000 - 0x00007ffbcbcfa000 	C:\WINDOWS\system32\MSCTF.dll
0x00007ffbc9f50000 - 0x00007ffbca093000 	C:\WINDOWS\system32\ole32.dll
0x00007ffbc3ae0000 - 0x00007ffbc3cf0000 	C:\WINDOWS\system32\d3d9.dll
0x00007ffb9df00000 - 0x00007ffb9ee3f000 	C:\WINDOWS\SYSTEM32\nvd3dumx.dll
0x0000000180000000 - 0x00000001801a7000 	C:\WINDOWS\system32\nvspcap64.dll
0x00007ffbcbea0000 - 0x00007ffbcc2c9000 	C:\WINDOWS\system32\SETUPAPI.dll
0x00007ffbc32b0000 - 0x00007ffbc3378000 	C:\WINDOWS\SYSTEM32\WINHTTP.dll
0x00007ffbc4920000 - 0x00007ffbc4c7b000 	C:\WINDOWS\system32\nvapi64.dll
0x00007ffbc8d70000 - 0x00007ffbc8d9d000 	C:\WINDOWS\SYSTEM32\SspiCli.dll
0x00007ffbbdbb0000 - 0x00007ffbbdd10000 	C:\Program Files (x86)\NVIDIA Corporation\3D Vision\nvSCPAPI64.dll
0x00007ffbc7a80000 - 0x00007ffbc7aa7000 	C:\WINDOWS\SYSTEM32\DEVOBJ.dll
0x00007ffbc99d0000 - 0x00007ffbc9a25000 	C:\WINDOWS\system32\WINTRUST.dll
0x00007ffbc90c0000 - 0x00007ffbc90d0000 	C:\WINDOWS\system32\MSASN1.dll
0x00007ffbc9800000 - 0x00007ffbc99c7000 	C:\WINDOWS\system32\CRYPT32.dll
0x00007ffbc6a70000 - 0x00007ffbc6b12000 	C:\WINDOWS\system32\dxgi.dll
0x00007ffbc8a40000 - 0x00007ffbc8a57000 	C:\WINDOWS\SYSTEM32\CRYPTSP.dll
0x00007ffbc86d0000 - 0x00007ffbc8704000 	C:\WINDOWS\system32\rsaenh.dll
0x00007ffbc8820000 - 0x00007ffbc883f000 	C:\WINDOWS\SYSTEM32\USERENV.dll
0x00007ffbc8b60000 - 0x00007ffbc8b6b000 	C:\WINDOWS\SYSTEM32\CRYPTBASE.dll
0x00007ffbc4650000 - 0x00007ffbc4666000 	C:\WINDOWS\SYSTEM32\dhcpcsvc6.DLL
0x00007ffbc4cf0000 - 0x00007ffbc4d0a000 	C:\WINDOWS\SYSTEM32\dhcpcsvc.DLL
0x000000005fb90000 - 0x000000005fba1000 	C:\Program Files\Java\jre1.8.0_60\bin\nio.dll
0x00007ffbc57e0000 - 0x00007ffbc57f1000 	F:\Projects\KinectController\lib\OpenNI2.jni.dll
0x00007ffbaa760000 - 0x00007ffbaa7cb000 	F:\Projects\KinectController\lib\OpenNI2.dll
0x00007ffbb6e10000 - 0x00007ffbb6e40000 	F:\Projects\KinectController\lib\OpenNI2\Drivers\Kinect.dll
0x00007ffbc1b80000 - 0x00007ffbc1be8000 	C:\WINDOWS\SYSTEM32\mscoree.dll
0x00007ffb9d090000 - 0x00007ffb9def1000 	C:\WINDOWS\SYSTEM32\Kinect10.dll
0x000000005faf0000 - 0x000000005fb88000 	C:\WINDOWS\SYSTEM32\MSVCP100.dll
0x00007ffbc13a0000 - 0x00007ffbc13ab000 	C:\WINDOWS\SYSTEM32\WINUSB.DLL
0x00007ffbc19f0000 - 0x00007ffbc1a88000 	C:\Windows\Microsoft.NET\Framework64\v4.0.30319\mscoreei.dll
0x00007ffba8010000 - 0x00007ffba89a0000 	C:\Windows\Microsoft.NET\Framework64\v4.0.30319\clr.dll
0x00007ffbab7c0000 - 0x00007ffbab8b7000 	C:\WINDOWS\SYSTEM32\MSVCR120_CLR0400.dll
0x00007ffba3790000 - 0x00007ffba4c57000 	C:\WINDOWS\assembly\NativeImages_v4.0.30319_64\mscorlib\e407311405320c601b3800cccd2dcaae\mscorlib.ni.dll
0x00007ffba9d80000 - 0x00007ffba9e85000 	C:\Windows\Microsoft.NET\Framework64\v4.0.30319\clrjit.dll
0x00007ffbaf3b0000 - 0x00007ffbaf40b000 	F:\Projects\KinectController\lib\OpenNI2\Drivers\OniFile.dll
0x00007ffba8be0000 - 0x00007ffba8c61000 	F:\Projects\KinectController\lib\OpenNI2\Drivers\PS1080.dll
0x00007ffbaa8c0000 - 0x00007ffbaa900000 	F:\Projects\KinectController\lib\OpenNI2\Drivers\PSLink.dll
0x00007ffbc57d0000 - 0x00007ffbc57db000 	F:\Projects\KinectController\lib\NiTE2.jni.dll
0x00007ffba6b40000 - 0x00007ffba6d83000 	F:\Projects\KinectController\lib\NiTE2.dll
0x00007ffbc8060000 - 0x00007ffbc8084000 	C:\WINDOWS\SYSTEM32\gpapi.dll
0x00007ffbbaf10000 - 0x00007ffbbaf3f000 	C:\WINDOWS\SYSTEM32\cryptnet.dll
0x00007ffbc5900000 - 0x00007ffbc590b000 	C:\WINDOWS\SYSTEM32\WINNSI.DLL
0x000000005faa0000 - 0x000000005fae7000 	C:\Program Files\Java\jre1.8.0_60\bin\fontmanager.dll
0x00007ffbcc2d0000 - 0x00007ffbcc377000 	C:\WINDOWS\system32\clbcatq.dll
0x00007ffbc0750000 - 0x00007ffbc0901000 	C:\WINDOWS\SYSTEM32\WindowsCodecs.dll
0x00007ffbb6870000 - 0x00007ffbb68ba000 	C:\WINDOWS\system32\dataexchange.dll
0x00007ffbc7650000 - 0x00007ffbc7733000 	C:\WINDOWS\system32\dcomp.dll
0x00007ffbc6b80000 - 0x00007ffbc6e28000 	C:\WINDOWS\system32\d3d11.dll
0x00007ffbc7b80000 - 0x00007ffbc7c80000 	C:\WINDOWS\system32\twinapi.appcore.dll
0x000000005fa50000 - 0x000000005fa92000 	C:\Program Files\Java\jre1.8.0_60\bin\t2k.dll
0x00007ffbb5ed0000 - 0x00007ffbb605c000 	C:\WINDOWS\SYSTEM32\dbghelp.dll

VM Arguments:
java_command: com.wafflesoft.kinectcontroller.Main -d -f ../config/examples/mouse.gdef
java_class_path (initial): KinectController.jar
Launcher Type: SUN_STANDARD

Environment Variables:
JAVA_HOME=C:\Program Files\Java\jdk1.8.0_60
PATH=C:\ProgramData\Oracle\Java\javapath;C:\Windows\system32;C:\Windows;C:\Windows\System32\Wbem;C:\Windows\System32\WindowsPowerShell\v1.0\;C:\Program Files (x86)\NVIDIA Corporation\PhysX\Common;C:\WINDOWS\system32;C:\WINDOWS;C:\WINDOWS\System32\Wbem;C:\WINDOWS\System32\WindowsPowerShell\v1.0\;C:/bin;C:\Program Files\Git\cmd;C:\Program Files\Git\mingw64\bin;C:\Program Files\Git\usr\bin;C:\Program Files\doxygen\bin;C:\Program Files (x86)\Microsoft SQL Server\100\Tools\Binn\;C:\Program Files\Microsoft SQL Server\100\Tools\Binn\;C:\Program Files\Microsoft SQL Server\100\DTS\Binn\;C:\Python27\Scripts\;C:\Python27\;C:\Program Files\Java\gradle-2.8\bin;C:\Program Files\Java\jdk1.8.0_60\bin;C:\Program Files\Java\javacc-5.0\bin;C:\Program Files\Java\apache-maven-3.3.3\bin
USERNAME=jake
OS=Windows_NT
PROCESSOR_IDENTIFIER=AMD64 Family 21 Model 2 Stepping 0, AuthenticAMD



---------------  S Y S T E M  ---------------

OS: Windows 10.0 , 64 bit Build 10586 (10.0.10586.0)

CPU:total 8 (8 cores per cpu, 1 threads per core) family 21 model 2 stepping 0, cmov, cx8, fxsr, mmx, sse, sse2, sse3, ssse3, sse4.1, sse4.2, popcnt, avx, aes, clmul, mmxext, 3dnowpref, lzcnt, sse4a, tsc, tscinvbit, tscinv, bmi1

Memory: 4k page, physical 8284296k(623660k free), swap 22811524k(4368k free)

vm_info: Java HotSpot(TM) 64-Bit Server VM (25.60-b23) for windows-amd64 JRE (1.8.0_60-b27), built on Aug  4 2015 11:06:27 by "java_re" with MS VC++ 10.0 (VS2010)

time: Mon Jan 04 22:10:58 2016
elapsed time: 994 seconds (0d 0h 16m 34s)

