#
# A fatal error has been detected by the Java Runtime Environment:
#
#  EXCEPTION_ACCESS_VIOLATION (0xc0000005) at pc=0x0000000002f99123, pid=4168, tid=1960
#
# JRE version: Java(TM) SE Runtime Environment (8.0_60-b27) (build 1.8.0_60-b27)
# Java VM: Java HotSpot(TM) 64-Bit Server VM (25.60-b23 mixed mode windows-amd64 compressed oops)
# Problematic frame:
# J 521 C2 com.lcsc.hackathon.kinectcontroller.kinect.KinectDebugWindow.calcHist(Ljava/nio/ByteBuffer;)V (155 bytes) @ 0x0000000002f99123 [0x0000000002f99000+0x123]
#
# Failed to write core dump. Minidumps are not enabled by default on client versions of Windows
#
# If you would like to submit a bug report, please visit:
#   http://bugreport.java.com/bugreport/crash.jsp
#

---------------  T H R E A D  ---------------

Current thread (0x0000000052d89800):  JavaThread "Thread-220" [_thread_in_Java, id=1960, stack(0x0000000045160000,0x0000000045260000)]

siginfo: ExceptionCode=0xc0000005, reading address 0x0000000000000000

Registers:
RAX=0x00000000d5da9f50, RBX=0x000000000000270f, RCX=0x0000000000000000, RDX=0x00000000d83a8010
RSP=0x000000004525f4a0, RBP=0x00000000d8393b48, RSI=0x0000000000000000, RDI=0x0000000000096000
R8 =0x0000000000000000, R9 =0x00000000d5da9e98, R10=0x0000000000096000, R11=0x0000000000000000
R12=0x0000000000000000, R13=0x0000000000002710, R14=0x00000000d83a8000, R15=0x0000000052d89800
RIP=0x0000000002f99123, EFLAGS=0x0000000000010212

Top of Stack: (sp=0x000000004525f4a0)
0x000000004525f4a0:   00000000d5da9f50 000000004525f4a8
0x000000004525f4b0:   000000001745a255 000000004525f500
0x000000004525f4c0:   00000000d5da9e98 00000000d83a8010
0x000000004525f4d0:   000000001745a270 0000000000000000
0x000000004525f4e0:   000000004525f510 00000000d8393b48
0x000000004525f4f0:   0000000002f9c4a8 0000000081b2c9c8
0x000000004525f500:   00000000d8393b48 0000000002f9c558
0x000000004525f510:   00000000d8393b48 00000000d5da9e28
0x000000004525f520:   00000000d5da9e98 00000000d5da9f50
0x000000004525f530:   000000004525f5d0 0000000002f99c3c
0x000000004525f540:   d5da9e28175032c0 000000004525f588
0x000000004525f550:   0000000017503690 0000000000000000
0x000000004525f560:   000000004525f5d0 0000000002d77d32
0x000000004525f570:   000000004525f5d0 0000000002d77d32
0x000000004525f580:   00000000d8529ae8 00000000d8393b48
0x000000004525f590:   000000004525f590 000000001779fd69 

Instructions: (pc=0x0000000002f99123)
0x0000000002f99103:   f9 6e 3d fe 41 83 c2 fe 45 85 d2 7e 4c 44 8b d7
0x0000000002f99113:   44 2b d1 41 83 fa 02 0f 8c c5 04 00 00 4c 63 c1
0x0000000002f99123:   46 0f b7 04 06 83 c1 02 41 89 49 18 45 85 c0 74
0x0000000002f99133:   cd 45 3b c5 72 b7 ba e4 ff ff ff 4c 89 4c 24 20 


Register to memory mapping:

RAX=0x00000000d5da9f50 is an oop
java.nio.DirectByteBuffer 
 - klass: 'java/nio/DirectByteBuffer'
RBX=0x000000000000270f is an unknown value
RCX=0x0000000000000000 is an unknown value
RDX=0x00000000d83a8010 is an oop

[error occurred during error reporting (printing register info), id 0xc0000005]

Stack: [0x0000000045160000,0x0000000045260000],  sp=0x000000004525f4a0,  free space=1021k
Native frames: (J=compiled Java code, j=interpreted, Vv=VM code, C=native code)
C  0x0000000002f99123


---------------  P R O C E S S  ---------------

Java Threads: ( => current thread )
=>0x0000000052d89800 JavaThread "Thread-220" [_thread_in_Java, id=1960, stack(0x0000000045160000,0x0000000045260000)]
  0x0000000052d89000 JavaThread "D3D Screen Updater" daemon [_thread_blocked, id=6972, stack(0x0000000057640000,0x0000000057740000)]
  0x0000000052d86800 JavaThread "AWT-EventQueue-0" [_thread_blocked, id=3012, stack(0x0000000057240000,0x0000000057340000)]
  0x0000000052d8c800 JavaThread "AWT-Windows" daemon [_thread_in_native, id=656, stack(0x0000000053f70000,0x0000000054070000)]
  0x0000000052d86000 JavaThread "AWT-Shutdown" [_thread_blocked, id=6896, stack(0x0000000053e70000,0x0000000053f70000)]
  0x0000000052d88000 JavaThread "Java2D Disposer" daemon [_thread_blocked, id=576, stack(0x0000000053d70000,0x0000000053e70000)]
  0x0000000019e92000 JavaThread "Service Thread" daemon [_thread_blocked, id=7560, stack(0x000000001a7c0000,0x000000001a8c0000)]
  0x0000000019e3c800 JavaThread "C1 CompilerThread3" daemon [_thread_blocked, id=904, stack(0x000000001a6c0000,0x000000001a7c0000)]
  0x0000000019dfb800 JavaThread "C2 CompilerThread2" daemon [_thread_blocked, id=6132, stack(0x000000001a5c0000,0x000000001a6c0000)]
  0x0000000019ded000 JavaThread "C2 CompilerThread1" daemon [_thread_blocked, id=9564, stack(0x000000001a4c0000,0x000000001a5c0000)]
  0x0000000019de9800 JavaThread "C2 CompilerThread0" daemon [_thread_blocked, id=3616, stack(0x000000001a3c0000,0x000000001a4c0000)]
  0x0000000019de7000 JavaThread "Attach Listener" daemon [_thread_blocked, id=5188, stack(0x000000001a2c0000,0x000000001a3c0000)]
  0x0000000019de6000 JavaThread "Signal Dispatcher" daemon [_thread_blocked, id=3892, stack(0x000000001a1c0000,0x000000001a2c0000)]
  0x0000000002d6a000 JavaThread "Finalizer" daemon [_thread_blocked, id=10176, stack(0x0000000019be0000,0x0000000019ce0000)]
  0x0000000002d63000 JavaThread "Reference Handler" daemon [_thread_blocked, id=3336, stack(0x0000000019ae0000,0x0000000019be0000)]
  0x0000000002c71000 JavaThread "main" [_thread_in_native, id=1020, stack(0x0000000002b60000,0x0000000002c60000)]

Other Threads:
  0x0000000017d09800 VMThread [stack: 0x00000000199e0000,0x0000000019ae0000] [id=2088]
  0x0000000019e95800 WatcherThread [stack: 0x000000001a8c0000,0x000000001a9c0000] [id=4988]

VM state:not at safepoint (normal execution)

VM Mutex/Monitor currently owned by a thread: None

Heap:
 PSYoungGen      total 38400K, used 3140K [0x00000000d5d80000, 0x00000000d8800000, 0x0000000100000000)
  eden space 33280K, 1% used [0x00000000d5d80000,0x00000000d5dd3670,0x00000000d7e00000)
  from space 5120K, 54% used [0x00000000d8300000,0x00000000d85bdc60,0x00000000d8800000)
  to   space 5120K, 0% used [0x00000000d7e00000,0x00000000d7e00000,0x00000000d8300000)
 ParOldGen       total 87552K, used 3257K [0x0000000081800000, 0x0000000086d80000, 0x00000000d5d80000)
  object space 87552K, 3% used [0x0000000081800000,0x0000000081b2e520,0x0000000086d80000)
 Metaspace       used 10054K, capacity 10236K, committed 10624K, reserved 1058816K
  class space    used 1244K, capacity 1323K, committed 1408K, reserved 1048576K

Card table byte_map: [0x0000000012130000,0x0000000012530000] byte_map_base: 0x0000000011d24000

Marking Bits: (ParMarkBitMap*) 0x0000000058f1a5b0
 Begin Bits: [0x0000000012fe0000, 0x0000000014f80000)
 End Bits:   [0x0000000014f80000, 0x0000000016f20000)

Polling page: 0x0000000001370000

CodeCache: size=245760Kb used=2523Kb max_used=2523Kb free=243236Kb
 bounds [0x0000000002d70000, 0x0000000002ff0000, 0x0000000011d70000]
 total_blobs=1178 nmethods=719 adapters=373
 compilation: enabled

Compilation events (10 events):
Event: 7.070 Thread 0x0000000019e3c800  715       3       java.lang.ref.Finalizer::access$100 (6 bytes)
Event: 7.070 Thread 0x0000000019e3c800 nmethod 715 0x0000000002fe6190 code [0x0000000002fe6300, 0x0000000002fe6468]
Event: 7.070 Thread 0x0000000019e3c800  716   !   3       java.lang.ref.Finalizer::runFinalizer (62 bytes)
Event: 7.070 Thread 0x0000000019e3c800 nmethod 716 0x0000000002fe6510 code [0x0000000002fe66c0, 0x0000000002fe6f38]
Event: 7.070 Thread 0x0000000019e3c800  717       3       java.lang.ref.Finalizer::hasBeenFinalized (14 bytes)
Event: 7.070 Thread 0x0000000019e3c800 nmethod 717 0x0000000002fe71d0 code [0x0000000002fe7320, 0x0000000002fe74d0]
Event: 7.070 Thread 0x0000000019e3c800  718   !   3       java.lang.ref.Finalizer::remove (94 bytes)
Event: 7.071 Thread 0x0000000019e3c800 nmethod 718 0x0000000002fe7550 code [0x0000000002fe76c0, 0x0000000002fe7b90]
Event: 7.071 Thread 0x0000000019e3c800  719       3       java.lang.System$2::invokeFinalize (5 bytes)
Event: 7.071 Thread 0x0000000019e3c800 nmethod 719 0x0000000002fe7cd0 code [0x0000000002fe7e40, 0x0000000002fe8068]

GC Heap History (4 events):
Event: 3.994 GC heap before
{Heap before GC invocations=1 (full 0):
 PSYoungGen      total 38400K, used 33280K [0x00000000d5d80000, 0x00000000d8800000, 0x0000000100000000)
  eden space 33280K, 100% used [0x00000000d5d80000,0x00000000d7e00000,0x00000000d7e00000)
  from space 5120K, 0% used [0x00000000d8300000,0x00000000d8300000,0x00000000d8800000)
  to   space 5120K, 0% used [0x00000000d7e00000,0x00000000d7e00000,0x00000000d8300000)
 ParOldGen       total 87552K, used 0K [0x0000000081800000, 0x0000000086d80000, 0x00000000d5d80000)
  object space 87552K, 0% used [0x0000000081800000,0x0000000081800000,0x0000000086d80000)
 Metaspace       used 9942K, capacity 10108K, committed 10368K, reserved 1058816K
  class space    used 1244K, capacity 1323K, committed 1408K, reserved 1048576K
Event: 4.000 GC heap after
Heap after GC invocations=1 (full 0):
 PSYoungGen      total 38400K, used 5111K [0x00000000d5d80000, 0x00000000d8800000, 0x0000000100000000)
  eden space 33280K, 0% used [0x00000000d5d80000,0x00000000d5d80000,0x00000000d7e00000)
  from space 5120K, 99% used [0x00000000d7e00000,0x00000000d82fdca0,0x00000000d8300000)
  to   space 5120K, 0% used [0x00000000d8300000,0x00000000d8300000,0x00000000d8800000)
 ParOldGen       total 87552K, used 3249K [0x0000000081800000, 0x0000000086d80000, 0x00000000d5d80000)
  object space 87552K, 3% used [0x0000000081800000,0x0000000081b2c520,0x0000000086d80000)
 Metaspace       used 9942K, capacity 10108K, committed 10368K, reserved 1058816K
  class space    used 1244K, capacity 1323K, committed 1408K, reserved 1048576K
}
Event: 7.066 GC heap before
{Heap before GC invocations=2 (full 0):
 PSYoungGen      total 38400K, used 38391K [0x00000000d5d80000, 0x00000000d8800000, 0x0000000100000000)
  eden space 33280K, 100% used [0x00000000d5d80000,0x00000000d7e00000,0x00000000d7e00000)
  from space 5120K, 99% used [0x00000000d7e00000,0x00000000d82fdca0,0x00000000d8300000)
  to   space 5120K, 0% used [0x00000000d8300000,0x00000000d8300000,0x00000000d8800000)
 ParOldGen       total 87552K, used 3249K [0x0000000081800000, 0x0000000086d80000, 0x00000000d5d80000)
  object space 87552K, 3% used [0x0000000081800000,0x0000000081b2c520,0x0000000086d80000)
 Metaspace       used 10052K, capacity 10236K, committed 10624K, reserved 1058816K
  class space    used 1244K, capacity 1323K, committed 1408K, reserved 1048576K
Event: 7.069 GC heap after
Heap after GC invocations=2 (full 0):
 PSYoungGen      total 38400K, used 2807K [0x00000000d5d80000, 0x00000000d8800000, 0x0000000100000000)
  eden space 33280K, 0% used [0x00000000d5d80000,0x00000000d5d80000,0x00000000d7e00000)
  from space 5120K, 54% used [0x00000000d8300000,0x00000000d85bdc60,0x00000000d8800000)
  to   space 5120K, 0% used [0x00000000d7e00000,0x00000000d7e00000,0x00000000d8300000)
 ParOldGen       total 87552K, used 3257K [0x0000000081800000, 0x0000000086d80000, 0x00000000d5d80000)
  object space 87552K, 3% used [0x0000000081800000,0x0000000081b2e520,0x0000000086d80000)
 Metaspace       used 10052K, capacity 10236K, committed 10624K, reserved 1058816K
  class space    used 1244K, capacity 1323K, committed 1408K, reserved 1048576K
}

Deoptimization events (5 events):
Event: 3.879 Thread 0x0000000002c71000 Uncommon trap: reason=unstable_if action=reinterpret pc=0x0000000002eb1d90 method=java.lang.String.startsWith(Ljava/lang/String;I)Z @ 25
Event: 3.956 Thread 0x0000000052d87800 Uncommon trap: reason=unstable_if action=reinterpret pc=0x0000000002f81058 method=com.lcsc.hackathon.kinectcontroller.kinect.KinectDebugWindow.calcHist(Ljava/nio/ByteBuffer;)V @ 46
Event: 3.967 Thread 0x0000000052d86800 Uncommon trap: reason=unstable_if action=reinterpret pc=0x0000000002f8ce08 method=java.awt.image.BufferedImage.setRGB(IIII[III)V @ 16
Event: 3.982 Thread 0x0000000052d87800 Uncommon trap: reason=unstable_if action=reinterpret pc=0x0000000002f92144 method=com.lcsc.hackathon.kinectcontroller.kinect.KinectDebugWindow.onNewFrame(Lcom/primesense/nite/UserTracker;)V @ 180
Event: 3.984 Thread 0x0000000052d86800 Uncommon trap: reason=unstable_if action=reinterpret pc=0x0000000002f81a58 method=java.awt.image.DirectColorModel.getDataElements(ILjava/lang/Object;)Ljava/lang/Object; @ 11

Internal exceptions (10 events):
Event: 0.089 Thread 0x0000000002c71000 Exception <a 'java/security/PrivilegedActionException'> (0x00000000d5f7a110) thrown at [C:\re\workspace\8-2-build-windows-amd64-cygwin\jdk8u60\4407\hotspot\src\share\vm\prims\jvm.cpp, line 1386]
Event: 0.119 Thread 0x0000000002c71000 Exception <a 'java/io/FileNotFoundException'> (0x00000000d601ef38) thrown at [C:\re\workspace\8-2-build-windows-amd64-cygwin\jdk8u60\4407\hotspot\src\share\vm\prims\jni.cpp, line 709]
Event: 3.103 Thread 0x0000000002c71000 Exception <a 'java/io/FileNotFoundException'> (0x00000000d6231b48) thrown at [C:\re\workspace\8-2-build-windows-amd64-cygwin\jdk8u60\4407\hotspot\src\share\vm\prims\jni.cpp, line 709]
Event: 3.135 Thread 0x0000000002c71000 Exception <a 'java/lang/NoSuchFieldError': method resolution failed> (0x00000000d62fee30) thrown at [C:\re\workspace\8-2-build-windows-amd64-cygwin\jdk8u60\4407\hotspot\src\share\vm\prims\methodHandles.cpp, line 1146]
Event: 3.137 Thread 0x0000000002c71000 Exception <a 'java/lang/NoSuchFieldError': method resolution failed> (0x00000000d630c180) thrown at [C:\re\workspace\8-2-build-windows-amd64-cygwin\jdk8u60\4407\hotspot\src\share\vm\prims\methodHandles.cpp, line 1146]
Event: 3.764 Thread 0x0000000002c71000 Exception <a 'java/io/FileNotFoundException'> (0x00000000d63a5590) thrown at [C:\re\workspace\8-2-build-windows-amd64-cygwin\jdk8u60\4407\hotspot\src\share\vm\prims\jni.cpp, line 709]
Event: 3.974 Thread 0x0000000052d86800 Exception <a 'java/lang/NullPointerException'> (0x00000000d783a2b8) thrown at [C:\re\workspace\8-2-build-windows-amd64-cygwin\jdk8u60\4407\hotspot\src\share\vm\prims\jvm.cpp, line 1390]
Event: 3.974 Thread 0x0000000052d86800 Exception <a 'java/lang/NullPointerException'> (0x00000000d783a2b8) thrown at [C:\re\workspace\8-2-build-windows-amd64-cygwin\jdk8u60\4407\hotspot\src\share\vm\prims\jvm.cpp, line 1390]
Event: 3.984 Thread 0x0000000052d86800 Implicit null exception at 0x0000000002f8167e to 0x0000000002f81a41
Event: 7.072 Thread 0x0000000052d89800 Implicit null exception at 0x0000000002f99123 to 0x0000000000000000

Events (10 events):
Event: 7.011 Thread 0x0000000052d8c000 Thread exited: 0x0000000052d8c000
Event: 7.034 Thread 0x0000000052d87800 Thread added: 0x0000000052d87800
Event: 7.034 Thread 0x0000000052d8a800 Thread added: 0x0000000052d8a800
Event: 7.039 Thread 0x0000000052d87800 Thread exited: 0x0000000052d87800
Event: 7.041 Thread 0x0000000052d8a800 Thread exited: 0x0000000052d8a800
Event: 7.066 Thread 0x0000000052d8c000 Thread added: 0x0000000052d8c000
Event: 7.066 Thread 0x0000000052d89800 Thread added: 0x0000000052d89800
Event: 7.066 Executing VM operation: ParallelGCFailedAllocation
Event: 7.069 Executing VM operation: ParallelGCFailedAllocation done
Event: 7.071 Thread 0x0000000052d8c000 Thread exited: 0x0000000052d8c000


Dynamic libraries:
0x00007ff7ecbc0000 - 0x00007ff7ecbf7000 	C:\ProgramData\Oracle\Java\javapath\java.exe
0x00007ffe675c0000 - 0x00007ffe67781000 	C:\WINDOWS\SYSTEM32\ntdll.dll
0x00007ffe654d0000 - 0x00007ffe6557d000 	C:\WINDOWS\system32\KERNEL32.DLL
0x00007ffe64ab0000 - 0x00007ffe64c8d000 	C:\WINDOWS\system32\KERNELBASE.dll
0x00007ffe655e0000 - 0x00007ffe65686000 	C:\WINDOWS\system32\ADVAPI32.dll
0x00007ffe64d10000 - 0x00007ffe64dad000 	C:\WINDOWS\system32\msvcrt.dll
0x00007ffe65580000 - 0x00007ffe655db000 	C:\WINDOWS\system32\sechost.dll
0x00007ffe66c80000 - 0x00007ffe66da6000 	C:\WINDOWS\system32\RPCRT4.dll
0x00007ffe67060000 - 0x00007ffe671ae000 	C:\WINDOWS\system32\USER32.dll
0x00007ffe65170000 - 0x00007ffe652f6000 	C:\WINDOWS\system32\GDI32.dll
0x00007ffe58430000 - 0x00007ffe586a4000 	C:\WINDOWS\WinSxS\amd64_microsoft.windows.common-controls_6595b64144ccf1df_6.0.10240.16384_none_f41f7b285750ef43\COMCTL32.dll
0x00007ffe67290000 - 0x00007ffe672c6000 	C:\WINDOWS\system32\IMM32.DLL
0x00007ffe64db0000 - 0x00007ffe64f0c000 	C:\WINDOWS\system32\MSCTF.dll
0x0000000058fa0000 - 0x0000000059072000 	C:\Program Files\Java\jre1.8.0_60\bin\msvcr100.dll
0x0000000058710000 - 0x0000000058f99000 	C:\Program Files\Java\jre1.8.0_60\bin\server\jvm.dll
0x00007ffe66db0000 - 0x00007ffe66db8000 	C:\WINDOWS\system32\PSAPI.DLL
0x00007ffe61fe0000 - 0x00007ffe62003000 	C:\WINDOWS\SYSTEM32\WINMM.dll
0x00007ffe60630000 - 0x00007ffe6063a000 	C:\WINDOWS\SYSTEM32\VERSION.dll
0x00007ffe5f530000 - 0x00007ffe5f539000 	C:\WINDOWS\SYSTEM32\WSOCK32.dll
0x00007ffe67550000 - 0x00007ffe675b9000 	C:\WINDOWS\system32\WS2_32.dll
0x00007ffe66e20000 - 0x00007ffe66e28000 	C:\WINDOWS\system32\NSI.dll
0x00007ffe61f50000 - 0x00007ffe61f7c000 	C:\WINDOWS\SYSTEM32\WINMMBASE.dll
0x00007ffe64090000 - 0x00007ffe640d4000 	C:\WINDOWS\system32\cfgmgr32.dll
0x00007ffe62960000 - 0x00007ffe62987000 	C:\WINDOWS\SYSTEM32\DEVOBJ.dll
0x0000000059ba0000 - 0x0000000059baf000 	C:\Program Files\Java\jre1.8.0_60\bin\verify.dll
0x00000000586e0000 - 0x0000000058709000 	C:\Program Files\Java\jre1.8.0_60\bin\java.dll
0x00000000586c0000 - 0x00000000586d6000 	C:\Program Files\Java\jre1.8.0_60\bin\zip.dll
0x00007ffe65750000 - 0x00007ffe66c72000 	C:\WINDOWS\system32\SHELL32.dll
0x00007ffe640e0000 - 0x00007ffe64708000 	C:\WINDOWS\system32\windows.storage.dll
0x00007ffe672d0000 - 0x00007ffe6754c000 	C:\WINDOWS\system32\combase.dll
0x00007ffe66dc0000 - 0x00007ffe66e11000 	C:\WINDOWS\system32\shlwapi.dll
0x00007ffe64010000 - 0x00007ffe6401f000 	C:\WINDOWS\system32\kernel.appcore.dll
0x00007ffe64710000 - 0x00007ffe647c3000 	C:\WINDOWS\system32\shcore.dll
0x00007ffe64040000 - 0x00007ffe6408a000 	C:\WINDOWS\system32\powrprof.dll
0x00007ffe64020000 - 0x00007ffe64033000 	C:\WINDOWS\system32\profapi.dll
0x00007ffe553c0000 - 0x00007ffe553d1000 	F:\Projects\KinectController\lib\OpenNI2.jni.dll
0x00007ffe4ff50000 - 0x00007ffe4ffbb000 	F:\Projects\KinectController\lib\OpenNI2.dll
0x00007ffe55390000 - 0x00007ffe553c0000 	F:\Projects\KinectController\lib\OpenNI2\Drivers\Kinect.dll
0x00007ffe3f370000 - 0x00007ffe401d1000 	C:\WINDOWS\SYSTEM32\Kinect10.dll
0x00007ffe5c980000 - 0x00007ffe5c9e8000 	C:\WINDOWS\SYSTEM32\mscoree.dll
0x00007ffe64830000 - 0x00007ffe649f1000 	C:\WINDOWS\system32\CRYPT32.dll
0x00007ffe63ff0000 - 0x00007ffe64001000 	C:\WINDOWS\system32\MSASN1.dll
0x00007ffe647d0000 - 0x00007ffe64824000 	C:\WINDOWS\system32\WINTRUST.dll
0x00007ffe64f10000 - 0x00007ffe65051000 	C:\WINDOWS\system32\ole32.dll
0x00007ffe65690000 - 0x00007ffe6574e000 	C:\WINDOWS\system32\OLEAUT32.dll
0x00007ffe65300000 - 0x00007ffe654c5000 	C:\WINDOWS\system32\SETUPAPI.dll
0x0000000058620000 - 0x00000000586b8000 	C:\WINDOWS\SYSTEM32\MSVCP100.dll
0x00007ffe5c7b0000 - 0x00007ffe5c7bb000 	C:\WINDOWS\SYSTEM32\WINUSB.DLL
0x00007ffe5c660000 - 0x00007ffe5c6f7000 	C:\Windows\Microsoft.NET\Framework64\v4.0.30319\mscoreei.dll
0x00007ffe3e9e0000 - 0x00007ffe3f368000 	C:\Windows\Microsoft.NET\Framework64\v4.0.30319\clr.dll
0x00007ffe4afe0000 - 0x00007ffe4b0d7000 	C:\WINDOWS\SYSTEM32\MSVCR120_CLR0400.dll
0x00007ffe3d510000 - 0x00007ffe3e9d9000 	C:\WINDOWS\assembly\NativeImages_v4.0.30319_64\mscorlib\3915eef809f114ff963379344f8df417\mscorlib.ni.dll
0x00007ffe4aed0000 - 0x00007ffe4afd5000 	C:\Windows\Microsoft.NET\Framework64\v4.0.30319\clrjit.dll
0x00007ffe628c0000 - 0x00007ffe62956000 	C:\WINDOWS\system32\uxtheme.dll
0x00007ffe61ca0000 - 0x00007ffe61cc2000 	C:\WINDOWS\system32\dwmapi.dll
0x00007ffe4ce00000 - 0x00007ffe4ce5b000 	F:\Projects\KinectController\lib\OpenNI2\Drivers\OniFile.dll
0x00007ffe4b4e0000 - 0x00007ffe4b561000 	F:\Projects\KinectController\lib\OpenNI2\Drivers\PS1080.dll
0x00007ffe4b690000 - 0x00007ffe4b6d0000 	F:\Projects\KinectController\lib\OpenNI2\Drivers\PSLink.dll
0x00007ffe5ece0000 - 0x00007ffe5eceb000 	F:\Projects\KinectController\lib\NiTE2.jni.dll
0x00007ffe46ae0000 - 0x00007ffe46d23000 	F:\Projects\KinectController\lib\NiTE2.dll
0x00007ffe638e0000 - 0x00007ffe638f7000 	C:\WINDOWS\SYSTEM32\CRYPTSP.dll
0x00007ffe63b20000 - 0x00007ffe63b48000 	C:\WINDOWS\SYSTEM32\bcrypt.dll
0x00007ffe63500000 - 0x00007ffe63533000 	C:\WINDOWS\system32\rsaenh.dll
0x00007ffe63b50000 - 0x00007ffe63b5b000 	C:\WINDOWS\SYSTEM32\CRYPTBASE.dll
0x00007ffe63e40000 - 0x00007ffe63eab000 	C:\WINDOWS\SYSTEM32\bcryptPrimitives.dll
0x00007ffe62f10000 - 0x00007ffe62f33000 	C:\WINDOWS\SYSTEM32\gpapi.dll
0x00007ffe58780000 - 0x00007ffe587af000 	C:\WINDOWS\SYSTEM32\cryptnet.dll
0x00007ffe64cb0000 - 0x00007ffe64d0b000 	C:\WINDOWS\system32\WLDAP32.dll
0x00007ffe5ea00000 - 0x00007ffe5ea38000 	C:\WINDOWS\SYSTEM32\IPHLPAPI.DLL
0x00007ffe5ed60000 - 0x00007ffe5ed6b000 	C:\WINDOWS\SYSTEM32\WINNSI.DLL
0x0000000058480000 - 0x0000000058618000 	C:\Program Files\Java\jre1.8.0_60\bin\awt.dll
0x00007ffe62740000 - 0x00007ffe627b8000 	C:\WINDOWS\system32\apphelp.dll
0x00007ffe50680000 - 0x00007ffe50890000 	C:\WINDOWS\system32\d3d9.dll
0x00007ffe3c5d0000 - 0x00007ffe3d50f000 	C:\WINDOWS\SYSTEM32\nvd3dumx.dll
0x0000000180000000 - 0x00000001801a7000 	C:\WINDOWS\system32\nvspcap64.dll
0x00007ffe5e820000 - 0x00007ffe5e8f6000 	C:\WINDOWS\SYSTEM32\WINHTTP.dll
0x00007ffe60170000 - 0x00007ffe604cb000 	C:\WINDOWS\system32\nvapi64.dll
0x00007ffe63c40000 - 0x00007ffe63c6c000 	C:\WINDOWS\SYSTEM32\SspiCli.dll
0x00007ffe604d0000 - 0x00007ffe60630000 	C:\Program Files (x86)\NVIDIA Corporation\3D Vision\nvSCPAPI64.dll
0x00007ffe617c0000 - 0x00007ffe6185c000 	C:\WINDOWS\system32\dxgi.dll
0x0000000058430000 - 0x0000000058477000 	C:\Program Files\Java\jre1.8.0_60\bin\fontmanager.dll
0x00007ffe51050000 - 0x00007ffe511da000 	C:\WINDOWS\SYSTEM32\dbghelp.dll

VM Arguments:
java_command: com.lcsc.hackathon.kinectcontroller.Main -f ../config/config.gdef -d
java_class_path (initial): KinectController.jar
Launcher Type: SUN_STANDARD

Environment Variables:
JAVA_HOME=C:\Program Files\Java\jdk1.8.0_60
PATH=C:\ProgramData\Oracle\Java\javapath;C:\Windows\system32;C:\Windows;C:\Windows\System32\Wbem;C:\Windows\System32\WindowsPowerShell\v1.0\;C:\Program Files (x86)\NVIDIA Corporation\PhysX\Common;C:\WINDOWS\system32;C:\WINDOWS;C:\WINDOWS\System32\Wbem;C:\WINDOWS\System32\WindowsPowerShell\v1.0\;C:/bin;C:\Program Files\Git\cmd;C:\Program Files\Git\mingw64\bin;C:\Program Files\Git\usr\bin;C:\Program Files\doxygen\bin;C:\Program Files (x86)\Microsoft SQL Server\100\Tools\Binn\;C:\Program Files\Microsoft SQL Server\100\Tools\Binn\;C:\Program Files\Microsoft SQL Server\100\DTS\Binn\;C:\Python35\Scripts\;C:\Python35\;C:\Program Files\Java\gradle-2.8\bin;C:\Program Files\Java\jdk1.8.0_60\bin;C:\Program Files\Java\javacc-5.0\bin
USERNAME=jake
OS=Windows_NT
PROCESSOR_IDENTIFIER=AMD64 Family 21 Model 2 Stepping 0, AuthenticAMD



---------------  S Y S T E M  ---------------

OS: Windows 10.0 , 64 bit Build 10240 (10.0.10240.16384)

CPU:total 8 (8 cores per cpu, 1 threads per core) family 21 model 2 stepping 0, cmov, cx8, fxsr, mmx, sse, sse2, sse3, ssse3, sse4.1, sse4.2, popcnt, avx, aes, clmul, mmxext, 3dnowpref, lzcnt, sse4a, tsc, tscinvbit, tscinv, bmi1

Memory: 4k page, physical 8284296k(4340436k free), swap 9595016k(4595444k free)

vm_info: Java HotSpot(TM) 64-Bit Server VM (25.60-b23) for windows-amd64 JRE (1.8.0_60-b27), built on Aug  4 2015 11:06:27 by "java_re" with MS VC++ 10.0 (VS2010)

time: Sun Nov 01 01:29:37 2015
elapsed time: 7 seconds (0d 0h 0m 7s)

