2015-11-29_13:26:23.172 [main] INFO  c.l.hackathon.kinectcontroller.Cli - Using cli argument -f=../config/config.gdef
2015-11-29_13:26:23.885 [main] DEBUG c.l.h.k.controller.Gesture - EsperQuery: select 'select_option' as gestureId from pattern[every (((Angle(end1=7, vertex=5, end2=3, angle > 180) or Angle(end1=7, vertex=5, end2=3, angle < 150)) or (Angle(end1=6, vertex=4, end2=2, angle > 180) or Angle(end1=6, vertex=4, end2=2, angle < 150))) -> (Angle(end1=7, vertex=5, end2=3, angle > 150, angle < 180) and Angle(end1=6, vertex=4, end2=2, angle > 150, angle < 180))) where timer:within(1 sec)]
2015-11-29_13:26:24.279 [main] DEBUG c.l.h.k.controller.Gesture - EsperQuery: select 'shutdown_game' as gestureId from pattern[every (((Angle(end1=7, vertex=3, end2=10, angle > 180) or Angle(end1=7, vertex=3, end2=10, angle < 160)) or (Angle(end1=6, vertex=2, end2=9, angle > 180) or Angle(end1=6, vertex=2, end2=9, angle < 150))) -> (Angle(end1=7, vertex=3, end2=10, angle > 160, angle < 180) and Angle(end1=6, vertex=2, end2=9, angle > 150, angle < 180))) where timer:within(1 sec)]
2015-11-29_13:26:24.312 [main] INFO  c.l.h.k.kinect.KinectUserTracker - Initializing OpenNi and Nite.
2015-11-29_14:24:04.849 [main] INFO  c.l.hackathon.kinectcontroller.Cli - Using cli argument -f=../config/examples/angle.gdef
2015-11-29_14:24:05.576 [main] DEBUG c.l.h.k.controller.Gesture - EsperQuery: select 'select_option' as gestureId from pattern[every (((Angle(end1=7, vertex=5, end2=3, angle > 180) or Angle(end1=7, vertex=5, end2=3, angle < 150)) or (Angle(end1=7, vertex=3, end2=2, angle > 105) or Angle(end1=7, vertex=3, end2=2, angle < 75)) or (Angle(end1=7, vertex=3, end2=10, angle > 105) or Angle(end1=7, vertex=3, end2=10, angle < 75))) -> (Angle(end1=7, vertex=5, end2=3, angle > 150, angle < 180) and Angle(end1=7, vertex=3, end2=2, angle > 75, angle < 105) and Angle(end1=7, vertex=3, end2=10, angle > 75, angle < 105))) where timer:within(1 sec)]
2015-11-29_14:24:05.962 [main] DEBUG c.l.h.k.controller.Gesture - EsperQuery: select 'down_option' as gestureId from pattern[every (((Angle(end1=7, vertex=5, end2=3, angle > 180) or Angle(end1=7, vertex=5, end2=3, angle < 150)) or (Angle(end1=7, vertex=3, end2=2, angle > 180) or Angle(end1=7, vertex=3, end2=2, angle < 150))) -> (Angle(end1=7, vertex=5, end2=3, angle > 150, angle < 180) and Angle(end1=7, vertex=3, end2=2, angle > 150, angle < 180))) where timer:within(1 sec)]
2015-11-29_14:24:05.992 [main] DEBUG c.l.h.k.controller.Gesture - EsperQuery: select 'shutdown_game' as gestureId from pattern[every (((Angle(end1=7, vertex=3, end2=10, angle > 180) or Angle(end1=7, vertex=3, end2=10, angle < 160)) or (Angle(end1=6, vertex=2, end2=9, angle > 180) or Angle(end1=6, vertex=2, end2=9, angle < 150))) -> (Angle(end1=7, vertex=3, end2=10, angle > 160, angle < 180) and Angle(end1=6, vertex=2, end2=9, angle > 150, angle < 180))) where timer:within(1 sec)]
2015-11-29_14:24:06.024 [main] DEBUG c.l.h.k.controller.Gesture - EsperQuery: select 'up_option' as gestureId from pattern[every (((Angle(end1=7, vertex=5, end2=3, angle > 180) or Angle(end1=7, vertex=5, end2=3, angle < 150)) or (Angle(end1=7, vertex=3, end2=10, angle > 180) or Angle(end1=7, vertex=3, end2=10, angle < 150))) -> (Angle(end1=7, vertex=5, end2=3, angle > 150, angle < 180) and Angle(end1=7, vertex=3, end2=10, angle > 150, angle < 180))) where timer:within(1 sec)]
2015-11-29_14:24:06.053 [main] INFO  c.l.h.k.kinect.KinectUserTracker - Initializing OpenNi and Nite.
2015-11-29_14:24:14.844 [Thread-128] INFO  c.l.h.k.kinect.KinectUserTracker - New User: 1
2015-11-29_14:24:15.241 [Thread-134] INFO  c.l.h.k.kinect.KinectUserTracker - Lost User: 1
2015-11-29_14:24:16.504 [Thread-168] INFO  c.l.h.k.kinect.KinectUserTracker - New User: 1
2015-11-29_14:24:29.691 [Thread-385] DEBUG c.l.h.k.esper.EventListener - Gesture Activated: select_option
2015-11-29_14:24:30.821 [Thread-403] DEBUG c.l.h.k.esper.EventListener - Gesture Activated: select_option
2015-11-29_14:24:41.298 [Thread-580] DEBUG c.l.h.k.esper.EventListener - Gesture Activated: select_option
2015-11-29_14:24:41.301 [Thread-580] DEBUG c.l.h.k.esper.EventListener - Gesture Activated: down_option
2015-11-29_14:24:43.165 [Thread-607] DEBUG c.l.h.k.esper.EventListener - Gesture Activated: select_option
2015-11-29_14:24:43.168 [Thread-607] DEBUG c.l.h.k.esper.EventListener - Gesture Activated: down_option
2015-11-29_14:24:44.002 [Thread-622] DEBUG c.l.h.k.esper.EventListener - Gesture Activated: select_option
2015-11-29_14:24:44.569 [Thread-630] DEBUG c.l.h.k.esper.EventListener - Gesture Activated: select_option
2015-11-29_14:24:45.371 [Thread-641] DEBUG c.l.h.k.esper.EventListener - Gesture Activated: select_option
2015-11-29_14:24:51.080 [Thread-731] DEBUG c.l.h.k.esper.EventListener - Gesture Activated: select_option
2015-11-29_14:24:52.478 [Thread-755] DEBUG c.l.h.k.esper.EventListener - Gesture Activated: down_option
2015-11-29_14:24:52.678 [Thread-758] DEBUG c.l.h.k.esper.EventListener - Gesture Activated: select_option
2015-11-29_14:24:57.182 [Thread-838] DEBUG c.l.h.k.esper.EventListener - Gesture Activated: select_option
2015-11-29_14:24:57.186 [Thread-838] DEBUG c.l.h.k.esper.EventListener - Gesture Activated: down_option
2015-11-29_14:25:00.553 [Thread-893] DEBUG c.l.h.k.esper.EventListener - Gesture Activated: select_option
2015-11-29_14:25:00.819 [Thread-898] DEBUG c.l.h.k.esper.EventListener - Gesture Activated: select_option
2015-11-29_14:25:01.025 [Thread-901] DEBUG c.l.h.k.esper.EventListener - Gesture Activated: down_option
2015-11-29_14:25:01.889 [Thread-915] DEBUG c.l.h.k.esper.EventListener - Gesture Activated: down_option
2015-11-29_14:25:02.588 [Thread-925] DEBUG c.l.h.k.esper.EventListener - Gesture Activated: select_option
2015-11-29_14:25:02.591 [Thread-925] DEBUG c.l.h.k.esper.EventListener - Gesture Activated: down_option
2015-11-29_14:25:04.755 [Thread-955] DEBUG c.l.h.k.esper.EventListener - Gesture Activated: down_option
2015-11-29_14:25:04.955 [Thread-958] DEBUG c.l.h.k.esper.EventListener - Gesture Activated: up_option
2015-11-29_14:25:05.023 [Thread-959] DEBUG c.l.h.k.esper.EventListener - Gesture Activated: shutdown_game
2015-11-29_14:25:05.092 [Thread-960] DEBUG c.l.h.k.esper.EventListener - Gesture Activated: select_option
2015-12-09_18:19:26.889 [main] INFO  c.l.hackathon.kinectcontroller.Cli - Using cli argument -f=../config/examples/position.gdef
2015-12-09_18:19:27.568 [main] ERROR c.l.hackathon.kinectcontroller.Main - Problem parsing config file: ../config/examples/position.gdef
com.lcsc.hackathon.kinectcontroller.config.ParseException: Encountered " <IDENTIFIER> "-5000 "" at line 9, column 34.
Was expecting:
    <NUMBER> ...
    
	at com.lcsc.hackathon.kinectcontroller.config.ControllerFSMFactory.generateParseException(ControllerFSMFactory.java:709) ~[KinectController.jar:na]
	at com.lcsc.hackathon.kinectcontroller.config.ControllerFSMFactory.jj_consume_token(ControllerFSMFactory.java:647) ~[KinectController.jar:na]
	at com.lcsc.hackathon.kinectcontroller.config.ControllerFSMFactory.parsePositionRule(ControllerFSMFactory.java:410) ~[KinectController.jar:na]
	at com.lcsc.hackathon.kinectcontroller.config.ControllerFSMFactory.parseGesture(ControllerFSMFactory.java:154) ~[KinectController.jar:na]
	at com.lcsc.hackathon.kinectcontroller.config.ControllerFSMFactory.parseState(ControllerFSMFactory.java:111) ~[KinectController.jar:na]
	at com.lcsc.hackathon.kinectcontroller.config.ControllerFSMFactory.parseVersion1(ControllerFSMFactory.java:80) ~[KinectController.jar:na]
	at com.lcsc.hackathon.kinectcontroller.config.ControllerFSMFactory.create(ControllerFSMFactory.java:48) ~[KinectController.jar:na]
	at com.lcsc.hackathon.kinectcontroller.Main.parseConfig(Main.java:68) [KinectController.jar:na]
	at com.lcsc.hackathon.kinectcontroller.Main.<init>(Main.java:60) [KinectController.jar:na]
	at com.lcsc.hackathon.kinectcontroller.Main.main(Main.java:54) [KinectController.jar:na]
2015-12-09_18:19:27.619 [main] INFO  c.l.h.k.kinect.KinectUserTracker - Initializing OpenNi and Nite.
2015-12-09_18:19:39.282 [Thread-172] INFO  c.l.h.k.kinect.KinectUserTracker - New User: 1
2015-12-09_18:21:14.952 [main] INFO  c.l.hackathon.kinectcontroller.Cli - Using cli argument -f=../config/examples/position.gdef
2015-12-09_18:21:15.860 [main] DEBUG c.l.h.k.controller.Gesture - EsperQuery: select 'move_right_press' as gestureId from pattern[every (((PositionX(joint=9, pos > 5000.000000) or PositionX(joint=9, pos < 150.000000))) -> (PositionX(joint=9, pos > 150.000000, pos < 5000.000000))) where timer:within(1 sec)]
2015-12-09_18:21:16.259 [main] DEBUG c.l.h.k.controller.Gesture - EsperQuery: select 'move_right_release' as gestureId from pattern[every (((PositionX(joint=9, pos > 150.000000) or PositionX(joint=9, pos < -5000.000000))) -> (PositionX(joint=9, pos > -5000.000000, pos < 150.000000))) where timer:within(1 sec)]
2015-12-09_18:21:16.283 [main] DEBUG c.l.h.k.controller.Gesture - EsperQuery: select 'move_left_release' as gestureId from pattern[every (((PositionX(joint=10, pos > 5000.000000) or PositionX(joint=10, pos < -150.000000))) -> (PositionX(joint=10, pos > -150.000000, pos < 5000.000000))) where timer:within(1 sec)]
2015-12-09_18:21:16.303 [main] DEBUG c.l.h.k.controller.Gesture - EsperQuery: select 'move_forward_release' as gestureId from pattern[every (((PositionZ(joint=9, pos > 5000.000000) or PositionZ(joint=9, pos < 1300.000000))) -> (PositionZ(joint=9, pos > 1300.000000, pos < 5000.000000))) where timer:within(1 sec)]
2015-12-09_18:21:16.325 [main] DEBUG c.l.h.k.controller.Gesture - EsperQuery: select 'move_left_press' as gestureId from pattern[every (((PositionX(joint=10, pos > -150.000000) or PositionX(joint=10, pos < -5000.000000))) -> (PositionX(joint=10, pos > -5000.000000, pos < -150.000000))) where timer:within(1 sec)]
2015-12-09_18:21:16.346 [main] DEBUG c.l.h.k.controller.Gesture - EsperQuery: select 'move_back_release' as gestureId from pattern[every (((PositionZ(joint=9, pos > 1600.000000) or PositionZ(joint=9, pos < 0.000000))) -> (PositionZ(joint=9, pos > 0.000000, pos < 1600.000000))) where timer:within(1 sec)]
2015-12-09_18:21:16.368 [main] DEBUG c.l.h.k.controller.Gesture - EsperQuery: select 'move_forward_press' as gestureId from pattern[every (((PositionZ(joint=9, pos > 1300.000000) or PositionZ(joint=9, pos < 0.000000))) -> (PositionZ(joint=9, pos > 0.000000, pos < 1300.000000))) where timer:within(1 sec)]
2015-12-09_18:21:16.386 [main] DEBUG c.l.h.k.controller.Gesture - EsperQuery: select 'move_back_press' as gestureId from pattern[every (((PositionZ(joint=9, pos > 5000.000000) or PositionZ(joint=9, pos < 1600.000000))) -> (PositionZ(joint=9, pos > 1600.000000, pos < 5000.000000))) where timer:within(1 sec)]
2015-12-09_18:21:16.404 [main] INFO  c.l.h.k.kinect.KinectUserTracker - Initializing OpenNi and Nite.
2015-12-09_18:21:21.721 [Thread-13] INFO  c.l.h.k.kinect.KinectUserTracker - New User: 1
2015-12-09_18:23:49.521 [main] INFO  c.l.hackathon.kinectcontroller.Cli - Using cli argument -f=../config/examples/position.gdef
2015-12-09_18:23:50.413 [main] DEBUG c.l.h.k.controller.Gesture - EsperQuery: select 'move_right_press' as gestureId from pattern[every (((PositionX(joint=9, pos > 5000.000000) or PositionX(joint=9, pos < 150.000000))) -> (PositionX(joint=9, pos > 150.000000, pos < 5000.000000))) where timer:within(1 sec)]
2015-12-09_18:23:50.809 [main] DEBUG c.l.h.k.controller.Gesture - EsperQuery: select 'move_right_release' as gestureId from pattern[every (((PositionX(joint=9, pos > 150.000000) or PositionX(joint=9, pos < -5000.000000))) -> (PositionX(joint=9, pos > -5000.000000, pos < 150.000000))) where timer:within(1 sec)]
2015-12-09_18:23:50.837 [main] DEBUG c.l.h.k.controller.Gesture - EsperQuery: select 'move_left_release' as gestureId from pattern[every (((PositionX(joint=10, pos > 5000.000000) or PositionX(joint=10, pos < -150.000000))) -> (PositionX(joint=10, pos > -150.000000, pos < 5000.000000))) where timer:within(1 sec)]
2015-12-09_18:23:50.861 [main] DEBUG c.l.h.k.controller.Gesture - EsperQuery: select 'move_forward_release' as gestureId from pattern[every (((PositionZ(joint=9, pos > 5000.000000) or PositionZ(joint=9, pos < 1300.000000))) -> (PositionZ(joint=9, pos > 1300.000000, pos < 5000.000000))) where timer:within(1 sec)]
2015-12-09_18:23:50.885 [main] DEBUG c.l.h.k.controller.Gesture - EsperQuery: select 'move_left_press' as gestureId from pattern[every (((PositionX(joint=10, pos > -150.000000) or PositionX(joint=10, pos < -5000.000000))) -> (PositionX(joint=10, pos > -5000.000000, pos < -150.000000))) where timer:within(1 sec)]
2015-12-09_18:23:50.910 [main] DEBUG c.l.h.k.controller.Gesture - EsperQuery: select 'move_back_release' as gestureId from pattern[every (((PositionZ(joint=9, pos > 1600.000000) or PositionZ(joint=9, pos < 0.000000))) -> (PositionZ(joint=9, pos > 0.000000, pos < 1600.000000))) where timer:within(1 sec)]
2015-12-09_18:23:50.934 [main] DEBUG c.l.h.k.controller.Gesture - EsperQuery: select 'move_forward_press' as gestureId from pattern[every (((PositionZ(joint=9, pos > 1300.000000) or PositionZ(joint=9, pos < 0.000000))) -> (PositionZ(joint=9, pos > 0.000000, pos < 1300.000000))) where timer:within(1 sec)]
2015-12-09_18:23:50.958 [main] DEBUG c.l.h.k.controller.Gesture - EsperQuery: select 'move_back_press' as gestureId from pattern[every (((PositionZ(joint=9, pos > 5000.000000) or PositionZ(joint=9, pos < 1600.000000))) -> (PositionZ(joint=9, pos > 1600.000000, pos < 5000.000000))) where timer:within(1 sec)]
2015-12-09_18:23:50.981 [main] INFO  c.l.h.k.kinect.KinectUserTracker - Initializing OpenNi and Nite.
2015-12-09_18:23:57.542 [Thread-47] INFO  c.l.h.k.kinect.KinectUserTracker - New User: 1
2015-12-09_18:23:57.545 [Thread-47] INFO  c.l.h.k.kinect.KinectUserTracker - New User: 2
